TN:
SF:src/App.jsx
FN:15,App
FNF:1
FNH:0
FNDA:0,App
DA:16,0
LF:1
LH:0
BRF:0
BRH:0
end_of_record
TN:
SF:src/AccountManagement/accountmanage.jsx
FN:4,AccountManage
FN:36,FullNameField
FN:51,AddressField
FN:73,CityField
FN:88,StateField
FN:94,(anonymous_5)
FN:104,ZipField
FN:120,SkillsField
FN:125,(anonymous_8)
FN:141,PreferencesField
FN:154,AvailabilityField
FN:158,(anonymous_11)
FN:165,(anonymous_12)
FN:166,(anonymous_13)
FN:175,(anonymous_14)
FN:179,(anonymous_15)
FN:181,(anonymous_16)
FN:192,handleSubmit
FN:256,(anonymous_18)
FNF:19
FNH:11
FNDA:1,AccountManage
FNDA:1,FullNameField
FNDA:1,AddressField
FNDA:1,CityField
FNDA:1,StateField
FNDA:50,(anonymous_5)
FNDA:1,ZipField
FNDA:1,SkillsField
FNDA:7,(anonymous_8)
FNDA:1,PreferencesField
FNDA:1,AvailabilityField
FNDA:0,(anonymous_11)
FNDA:0,(anonymous_12)
FNDA:0,(anonymous_13)
FNDA:0,(anonymous_14)
FNDA:0,(anonymous_15)
FNDA:0,(anonymous_16)
FNDA:0,handleSubmit
FNDA:0,(anonymous_18)
DA:5,1
DA:16,1
DA:18,1
DA:34,1
DA:37,1
DA:52,1
DA:74,1
DA:89,1
DA:95,50
DA:105,1
DA:121,1
DA:126,7
DA:142,1
DA:155,1
DA:156,1
DA:158,1
DA:159,0
DA:160,0
DA:161,0
DA:165,1
DA:166,0
DA:169,1
DA:175,0
DA:180,0
DA:181,0
DA:193,0
DA:194,0
DA:195,0
DA:196,0
DA:197,0
DA:200,0
DA:201,0
DA:202,0
DA:203,0
DA:204,0
DA:205,0
DA:207,0
DA:211,0
DA:212,0
DA:217,0
DA:218,0
DA:219,0
DA:220,0
DA:223,0
DA:224,0
DA:228,1
DA:256,0
LF:47
LH:19
BRDA:4,0,0,1
BRDA:4,1,0,1
BRDA:159,2,0,0
BRDA:159,2,1,0
BRDA:159,3,0,0
BRDA:159,3,1,0
BRDA:195,4,0,0
BRDA:195,4,1,0
BRDA:203,5,0,0
BRDA:203,5,1,0
BRDA:204,6,0,0
BRDA:204,6,1,0
BRDA:217,7,0,0
BRDA:217,7,1,0
BRDA:252,8,0,1
BRDA:252,8,1,0
BRF:16
BRH:3
end_of_record
TN:
SF:src/EventManageForm/EventCreateForm.jsx
FN:5,EventCreateForm
FN:24,(anonymous_1)
FN:25,(anonymous_2)
FN:28,(anonymous_3)
FN:33,(anonymous_4)
FN:37,(anonymous_5)
FN:80,(anonymous_6)
FN:85,(anonymous_7)
FN:95,(anonymous_8)
FNF:9
FNH:3
FNDA:4,EventCreateForm
FNDA:0,(anonymous_1)
FNDA:0,(anonymous_2)
FNDA:0,(anonymous_3)
FNDA:0,(anonymous_4)
FNDA:0,(anonymous_5)
FNDA:48,(anonymous_6)
FNDA:0,(anonymous_7)
FNDA:12,(anonymous_8)
DA:6,4
DA:15,4
DA:21,4
DA:22,4
DA:24,4
DA:25,0
DA:28,0
DA:33,4
DA:34,0
DA:37,4
DA:38,0
DA:39,0
DA:41,0
DA:42,0
DA:51,0
DA:52,0
DA:54,0
DA:55,0
DA:57,0
DA:60,0
DA:61,0
DA:65,4
DA:81,48
DA:85,0
DA:95,12
LF:25
LH:10
BRDA:27,0,0,0
BRDA:27,0,1,0
BRDA:54,1,0,0
BRDA:54,1,1,0
BRDA:57,2,0,0
BRDA:57,2,1,0
BRF:6
BRH:0
end_of_record
TN:
SF:src/EventManageForm/EventEditForm.jsx
FN:5,EventEditForm
FN:16,(anonymous_1)
FN:21,(anonymous_2)
FN:22,(anonymous_3)
FN:23,(anonymous_4)
FN:26,(anonymous_5)
FN:48,(anonymous_6)
FN:52,(anonymous_7)
FN:53,(anonymous_8)
FN:55,(anonymous_9)
FN:61,(anonymous_10)
FN:96,(anonymous_11)
FN:116,(anonymous_12)
FN:121,(anonymous_13)
FNF:14
FNH:0
FNDA:0,EventEditForm
FNDA:0,(anonymous_1)
FNDA:0,(anonymous_2)
FNDA:0,(anonymous_3)
FNDA:0,(anonymous_4)
FNDA:0,(anonymous_5)
FNDA:0,(anonymous_6)
FNDA:0,(anonymous_7)
FNDA:0,(anonymous_8)
FNDA:0,(anonymous_9)
FNDA:0,(anonymous_10)
FNDA:0,(anonymous_11)
FNDA:0,(anonymous_12)
FNDA:0,(anonymous_13)
DA:6,0
DA:7,0
DA:8,0
DA:10,0
DA:16,0
DA:17,0
DA:18,0
DA:21,0
DA:22,0
DA:23,0
DA:26,0
DA:27,0
DA:28,0
DA:29,0
DA:30,0
DA:33,0
DA:34,0
DA:35,0
DA:38,0
DA:41,0
DA:42,0
DA:44,0
DA:48,0
DA:49,0
DA:52,0
DA:53,0
DA:54,0
DA:55,0
DA:57,0
DA:61,0
DA:62,0
DA:63,0
DA:65,0
DA:66,0
DA:67,0
DA:76,0
DA:77,0
DA:79,0
DA:80,0
DA:82,0
DA:85,0
DA:86,0
DA:90,0
DA:97,0
DA:117,0
DA:121,0
LF:46
LH:0
BRDA:28,0,0,0
BRDA:28,0,1,0
BRDA:41,1,0,0
BRDA:41,1,1,0
BRDA:54,2,0,0
BRDA:54,2,1,0
BRDA:63,3,0,0
BRDA:63,3,1,0
BRDA:79,4,0,0
BRDA:79,4,1,0
BRDA:82,5,0,0
BRDA:82,5,1,0
BRDA:103,6,0,0
BRDA:103,6,1,0
BRF:14
BRH:0
end_of_record
TN:
SF:src/UserReg/UserReg.jsx
FN:5,UserReg
FN:18,(anonymous_1)
FN:22,(anonymous_2)
FN:46,(anonymous_3)
FN:88,(anonymous_4)
FN:110,(anonymous_5)
FNF:6
FNH:2
FNDA:6,UserReg
FNDA:2,(anonymous_1)
FNDA:0,(anonymous_2)
FNDA:0,(anonymous_3)
FNDA:0,(anonymous_4)
FNDA:0,(anonymous_5)
DA:6,6
DA:12,6
DA:13,6
DA:14,6
DA:15,6
DA:16,6
DA:18,6
DA:19,2
DA:22,6
DA:23,0
DA:24,0
DA:25,0
DA:27,0
DA:28,0
DA:29,0
DA:32,0
DA:33,0
DA:42,0
DA:44,0
DA:45,0
DA:46,0
DA:48,0
DA:51,0
DA:55,6
DA:88,0
DA:111,0
LF:26
LH:10
BRDA:27,0,0,0
BRDA:27,0,1,0
BRDA:44,1,0,0
BRDA:44,1,1,0
BRDA:48,2,0,0
BRDA:48,2,1,0
BRDA:59,3,0,6
BRDA:59,3,1,0
BRDA:60,4,0,6
BRDA:60,4,1,0
BRDA:78,5,0,0
BRDA:78,5,1,6
BRDA:91,6,0,0
BRDA:91,6,1,6
BRDA:100,7,0,0
BRDA:100,7,1,6
BRDA:115,8,0,0
BRDA:115,8,1,6
BRF:18
BRH:6
end_of_record
TN:
SF:src/history/history.jsx
FN:4,VolunteerLog
FN:16,(anonymous_1)
FN:23,(anonymous_2)
FN:27,(anonymous_3)
FN:69,(anonymous_4)
FN:80,(anonymous_5)
FN:100,(anonymous_6)
FN:105,(anonymous_7)
FN:114,(anonymous_8)
FN:127,(anonymous_9)
FN:133,(anonymous_10)
FN:139,(anonymous_11)
FN:145,(anonymous_12)
FN:155,(anonymous_13)
FN:158,(anonymous_14)
FN:194,(anonymous_15)
FN:199,(anonymous_16)
FN:225,(anonymous_17)
FNF:18
FNH:0
FNDA:0,VolunteerLog
FNDA:0,(anonymous_1)
FNDA:0,(anonymous_2)
FNDA:0,(anonymous_3)
FNDA:0,(anonymous_4)
FNDA:0,(anonymous_5)
FNDA:0,(anonymous_6)
FNDA:0,(anonymous_7)
FNDA:0,(anonymous_8)
FNDA:0,(anonymous_9)
FNDA:0,(anonymous_10)
FNDA:0,(anonymous_11)
FNDA:0,(anonymous_12)
FNDA:0,(anonymous_13)
FNDA:0,(anonymous_14)
FNDA:0,(anonymous_15)
FNDA:0,(anonymous_16)
FNDA:0,(anonymous_17)
DA:5,0
DA:6,0
DA:7,0
DA:8,0
DA:9,0
DA:10,0
DA:11,0
DA:12,0
DA:13,0
DA:14,0
DA:16,0
DA:17,0
DA:18,0
DA:19,0
DA:23,0
DA:24,0
DA:27,0
DA:28,0
DA:30,0
DA:31,0
DA:32,0
DA:34,0
DA:35,0
DA:36,0
DA:38,0
DA:39,0
DA:40,0
DA:42,0
DA:43,0
DA:44,0
DA:46,0
DA:47,0
DA:48,0
DA:50,0
DA:51,0
DA:52,0
DA:54,0
DA:55,0
DA:56,0
DA:59,0
DA:69,0
DA:70,0
DA:71,0
DA:72,0
DA:73,0
DA:74,0
DA:75,0
DA:76,0
DA:80,0
DA:81,0
DA:82,0
DA:83,0
DA:91,0
DA:93,0
DA:94,0
DA:95,0
DA:96,0
DA:100,0
DA:101,0
DA:104,0
DA:105,0
DA:107,0
DA:114,0
DA:127,0
DA:133,0
DA:139,0
DA:145,0
DA:155,0
DA:158,0
DA:195,0
DA:200,0
DA:226,0
LF:72
LH:0
BRDA:18,0,0,0
BRDA:18,0,1,0
BRDA:30,1,0,0
BRDA:30,1,1,0
BRDA:34,2,0,0
BRDA:34,2,1,0
BRDA:38,3,0,0
BRDA:38,3,1,0
BRDA:42,4,0,0
BRDA:42,4,1,0
BRDA:46,5,0,0
BRDA:46,5,1,0
BRDA:50,6,0,0
BRDA:50,6,1,0
BRDA:54,7,0,0
BRDA:54,7,1,0
BRDA:54,8,0,0
BRDA:54,8,1,0
BRDA:81,9,0,0
BRDA:81,9,1,0
BRDA:82,10,0,0
BRDA:82,10,1,0
BRDA:85,11,0,0
BRDA:85,11,1,0
BRDA:86,12,0,0
BRDA:86,12,1,0
BRDA:91,13,0,0
BRDA:91,13,1,0
BRDA:93,14,0,0
BRDA:93,14,1,0
BRDA:93,15,0,0
BRDA:93,15,1,0
BRDA:94,16,0,0
BRDA:94,16,1,0
BRDA:94,17,0,0
BRDA:94,17,1,0
BRDA:105,18,0,0
BRDA:105,18,1,0
BRDA:115,19,0,0
BRDA:115,19,1,0
BRDA:119,20,0,0
BRDA:119,20,1,0
BRDA:121,21,0,0
BRDA:121,21,1,0
BRDA:181,22,0,0
BRDA:181,22,1,0
BRDA:195,23,0,0
BRDA:195,23,1,0
BRDA:201,24,0,0
BRDA:201,24,1,0
BRDA:206,25,0,0
BRDA:206,25,1,0
BRDA:212,26,0,0
BRDA:212,26,1,0
BRF:54
BRH:0
end_of_record
TN:
SF:src/home/home.jsx
FN:5,Home
FN:11,(anonymous_1)
FN:26,(anonymous_2)
FN:28,(anonymous_3)
FN:31,(anonymous_4)
FN:36,(anonymous_5)
FNF:6
FNH:0
FNDA:0,Home
FNDA:0,(anonymous_1)
FNDA:0,(anonymous_2)
FNDA:0,(anonymous_3)
FNDA:0,(anonymous_4)
FNDA:0,(anonymous_5)
DA:6,0
DA:7,0
DA:8,0
DA:11,0
DA:12,0
DA:13,0
DA:14,0
DA:15,0
DA:16,0
DA:17,0
DA:18,0
DA:21,0
DA:26,0
DA:27,0
DA:28,0
DA:29,0
DA:31,0
DA:36,0
DA:37,0
DA:38,0
DA:39,0
DA:40,0
DA:43,0
LF:23
LH:0
BRDA:15,0,0,0
BRDA:15,0,1,0
BRDA:17,1,0,0
BRDA:17,1,1,0
BRDA:27,2,0,0
BRDA:27,2,1,0
BRDA:50,3,0,0
BRDA:50,3,1,0
BRDA:61,4,0,0
BRDA:61,4,1,0
BRF:10
BRH:0
end_of_record
TN:
SF:src/login/login.jsx
FN:5,Login
FN:22,(anonymous_1)
FN:38,(anonymous_2)
FN:53,(anonymous_3)
FN:83,(anonymous_4)
FN:91,(anonymous_5)
FN:144,(anonymous_6)
FN:158,(anonymous_7)
FN:171,(anonymous_8)
FN:199,(anonymous_9)
FN:210,(anonymous_10)
FN:221,(anonymous_11)
FN:228,(anonymous_12)
FNF:13
FNH:4
FNDA:4,Login
FNDA:2,(anonymous_1)
FNDA:0,(anonymous_2)
FNDA:0,(anonymous_3)
FNDA:0,(anonymous_4)
FNDA:0,(anonymous_5)
FNDA:1,(anonymous_6)
FNDA:1,(anonymous_7)
FNDA:0,(anonymous_8)
FNDA:0,(anonymous_9)
FNDA:0,(anonymous_10)
FNDA:0,(anonymous_11)
FNDA:0,(anonymous_12)
DA:6,4
DA:7,4
DA:8,4
DA:9,4
DA:10,4
DA:13,4
DA:14,4
DA:15,4
DA:16,4
DA:17,4
DA:20,4
DA:22,4
DA:24,2
DA:25,2
DA:26,2
DA:27,2
DA:28,0
DA:29,0
DA:30,2
DA:31,0
DA:38,4
DA:39,0
DA:40,0
DA:41,0
DA:42,0
DA:43,0
DA:45,0
DA:46,0
DA:47,0
DA:49,0
DA:50,0
DA:53,4
DA:54,0
DA:55,0
DA:56,0
DA:58,0
DA:59,0
DA:65,0
DA:67,0
DA:69,0
DA:70,0
DA:72,0
DA:73,0
DA:75,0
DA:78,0
DA:83,4
DA:84,0
DA:85,0
DA:86,0
DA:87,0
DA:88,0
DA:91,4
DA:92,0
DA:93,0
DA:95,0
DA:96,0
DA:97,0
DA:99,0
DA:100,0
DA:101,0
DA:103,0
DA:104,0
DA:105,0
DA:108,0
DA:109,0
DA:110,0
DA:111,0
DA:114,0
DA:115,0
DA:116,0
DA:117,0
DA:118,0
DA:120,0
DA:121,0
DA:122,0
DA:124,0
DA:128,4
DA:144,1
DA:158,1
DA:171,0
DA:199,0
DA:210,0
DA:221,0
DA:228,0
LF:84
LH:24
BRDA:27,0,0,0
BRDA:27,0,1,2
BRDA:30,1,0,0
BRDA:30,1,1,2
BRDA:41,2,0,0
BRDA:41,2,1,0
BRDA:45,3,0,0
BRDA:45,3,1,0
BRDA:56,4,0,0
BRDA:56,4,1,0
BRDA:67,5,0,0
BRDA:67,5,1,0
BRDA:75,6,0,0
BRDA:75,6,1,0
BRDA:85,7,0,0
BRDA:85,7,1,0
BRDA:95,8,0,0
BRDA:95,8,1,0
BRDA:99,9,0,0
BRDA:99,9,1,0
BRDA:103,10,0,0
BRDA:103,10,1,0
BRDA:109,11,0,0
BRDA:109,11,1,0
BRDA:146,12,0,0
BRDA:146,12,1,4
BRDA:149,13,0,4
BRDA:149,13,1,0
BRDA:160,14,0,0
BRDA:160,14,1,4
BRDA:163,15,0,4
BRDA:163,15,1,0
BRDA:182,16,0,4
BRDA:182,16,1,0
BRDA:183,17,0,0
BRDA:183,17,1,0
BRDA:189,18,0,4
BRDA:189,18,1,0
BRDA:231,19,0,0
BRDA:231,19,1,0
BRDA:232,20,0,0
BRDA:232,20,1,0
BRF:42
BRH:8
end_of_record
TN:
SF:src/notification/AdminNotificationSender.jsx
FN:7,AdminNotificationSender
FN:18,(anonymous_1)
FN:19,(anonymous_2)
FN:20,(anonymous_3)
FN:23,(anonymous_4)
FN:65,(anonymous_5)
FN:73,(anonymous_6)
FN:75,(anonymous_7)
FN:84,(anonymous_8)
FN:86,(anonymous_9)
FN:94,(anonymous_10)
FN:102,(anonymous_11)
FN:106,(anonymous_12)
FNF:13
FNH:4
FNDA:1,AdminNotificationSender
FNDA:1,(anonymous_1)
FNDA:1,(anonymous_2)
FNDA:1,(anonymous_3)
FNDA:0,(anonymous_4)
FNDA:0,(anonymous_5)
FNDA:0,(anonymous_6)
FNDA:0,(anonymous_7)
FNDA:0,(anonymous_8)
FNDA:0,(anonymous_9)
FNDA:0,(anonymous_10)
FNDA:0,(anonymous_11)
FNDA:0,(anonymous_12)
DA:4,1
DA:8,1
DA:9,1
DA:10,1
DA:11,1
DA:12,1
DA:13,1
DA:14,1
DA:15,1
DA:16,1
DA:18,1
DA:19,1
DA:20,1
DA:23,1
DA:24,0
DA:25,0
DA:26,0
DA:27,0
DA:28,0
DA:29,0
DA:30,0
DA:31,0
DA:33,0
DA:34,0
DA:39,0
DA:40,0
DA:41,0
DA:43,0
DA:44,0
DA:45,0
DA:46,0
DA:49,0
DA:51,0
DA:54,1
DA:65,0
DA:73,0
DA:76,0
DA:84,0
DA:87,0
DA:94,0
DA:102,0
DA:106,0
LF:42
LH:15
BRDA:28,0,0,0
BRDA:28,0,1,0
BRDA:30,1,0,0
BRDA:30,1,1,0
BRDA:40,2,0,0
BRDA:40,2,1,0
BRDA:41,3,0,0
BRDA:41,3,1,0
BRDA:70,4,0,1
BRDA:70,4,1,1
BRDA:81,5,0,1
BRDA:81,5,1,0
BRDA:108,6,0,0
BRDA:108,6,1,1
BRDA:110,7,0,1
BRDA:110,7,1,0
BRF:16
BRH:5
end_of_record
TN:
SF:src/notification/notification.jsx
FN:8,Notification
FN:18,(anonymous_1)
FN:22,(anonymous_2)
FN:23,(anonymous_3)
FN:25,(anonymous_4)
FN:32,(anonymous_5)
FN:35,(anonymous_6)
FN:41,(anonymous_7)
FN:43,(anonymous_8)
FN:44,(anonymous_9)
FN:49,(anonymous_10)
FN:50,(anonymous_11)
FN:51,(anonymous_12)
FN:57,(anonymous_13)
FN:60,(anonymous_14)
FN:61,(anonymous_15)
FN:62,(anonymous_16)
FN:67,(anonymous_17)
FN:68,(anonymous_18)
FN:69,(anonymous_19)
FN:69,(anonymous_20)
FN:71,(anonymous_21)
FN:75,(anonymous_22)
FN:84,(anonymous_23)
FN:93,(anonymous_24)
FN:135,(anonymous_25)
FN:141,(anonymous_26)
FN:147,(anonymous_27)
FN:153,(anonymous_28)
FN:159,(anonymous_29)
FN:173,(anonymous_30)
FN:195,(anonymous_31)
FN:210,(anonymous_32)
FNF:33
FNH:5
FNDA:9,Notification
FNDA:5,(anonymous_1)
FNDA:4,(anonymous_2)
FNDA:3,(anonymous_3)
FNDA:0,(anonymous_4)
FNDA:0,(anonymous_5)
FNDA:5,(anonymous_6)
FNDA:0,(anonymous_7)
FNDA:0,(anonymous_8)
FNDA:0,(anonymous_9)
FNDA:0,(anonymous_10)
FNDA:0,(anonymous_11)
FNDA:0,(anonymous_12)
FNDA:0,(anonymous_13)
FNDA:0,(anonymous_14)
FNDA:0,(anonymous_15)
FNDA:0,(anonymous_16)
FNDA:0,(anonymous_17)
FNDA:0,(anonymous_18)
FNDA:0,(anonymous_19)
FNDA:0,(anonymous_20)
FNDA:0,(anonymous_21)
FNDA:0,(anonymous_22)
FNDA:0,(anonymous_23)
FNDA:0,(anonymous_24)
FNDA:0,(anonymous_25)
FNDA:0,(anonymous_26)
FNDA:0,(anonymous_27)
FNDA:0,(anonymous_28)
FNDA:0,(anonymous_29)
FNDA:0,(anonymous_30)
FNDA:0,(anonymous_31)
FNDA:0,(anonymous_32)
DA:6,1
DA:9,9
DA:10,9
DA:11,9
DA:12,9
DA:13,9
DA:15,9
DA:18,9
DA:19,5
DA:20,5
DA:21,5
DA:22,4
DA:25,3
DA:31,0
DA:32,0
DA:33,0
DA:36,5
DA:37,5
DA:41,9
DA:42,0
DA:43,0
DA:44,0
DA:49,9
DA:50,0
DA:51,0
DA:52,0
DA:57,0
DA:60,9
DA:61,0
DA:62,0
DA:64,0
DA:67,9
DA:68,0
DA:69,0
DA:70,0
DA:71,0
DA:75,9
DA:76,0
DA:77,0
DA:78,0
DA:79,0
DA:80,0
DA:84,9
DA:85,0
DA:86,0
DA:87,0
DA:88,0
DA:89,0
DA:93,9
DA:94,0
DA:95,0
DA:97,0
DA:98,0
DA:99,0
DA:100,0
DA:103,9
DA:104,5
DA:106,4
DA:107,4
DA:110,0
DA:135,0
DA:141,0
DA:147,0
DA:153,0
DA:159,0
DA:174,0
DA:195,0
DA:210,0
LF:68
LH:26
BRDA:27,0,0,0
BRDA:27,0,1,0
BRDA:27,1,0,0
BRDA:27,1,1,0
BRDA:28,2,0,0
BRDA:28,2,1,0
BRDA:28,3,0,0
BRDA:28,3,1,0
BRDA:42,4,0,0
BRDA:42,4,1,0
BRDA:43,5,0,0
BRDA:43,5,1,0
BRDA:52,6,0,0
BRDA:52,6,1,0
BRDA:70,7,0,0
BRDA:70,7,1,0
BRDA:76,8,0,0
BRDA:76,8,1,0
BRDA:76,8,2,0
BRDA:76,8,3,0
BRDA:85,9,0,0
BRDA:85,9,1,0
BRDA:85,9,2,0
BRDA:85,9,3,0
BRDA:97,10,0,0
BRDA:97,10,1,0
BRDA:98,11,0,0
BRDA:98,11,1,0
BRDA:99,12,0,0
BRDA:99,12,1,0
BRDA:103,13,0,5
BRDA:103,13,1,4
BRDA:106,14,0,4
BRDA:106,14,1,0
BRDA:119,15,0,0
BRDA:119,15,1,0
BRDA:123,16,0,0
BRDA:123,16,1,0
BRDA:134,17,0,0
BRDA:134,17,1,0
BRDA:140,18,0,0
BRDA:140,18,1,0
BRDA:146,19,0,0
BRDA:146,19,1,0
BRDA:152,20,0,0
BRDA:152,20,1,0
BRDA:158,21,0,0
BRDA:158,21,1,0
BRDA:166,22,0,0
BRDA:166,22,1,0
BRDA:176,23,0,0
BRDA:176,23,1,0
BRDA:193,24,0,0
BRDA:193,24,1,0
BRDA:201,25,0,0
BRDA:201,25,1,0
BRF:56
BRH:3
end_of_record
TN:
SF:src/utils/auth.js
FN:3,(anonymous_0)
FN:7,(anonymous_1)
FN:11,(anonymous_2)
FN:15,(anonymous_3)
FNF:4
FNH:0
FNDA:0,(anonymous_0)
FNDA:0,(anonymous_1)
FNDA:0,(anonymous_2)
FNDA:0,(anonymous_3)
DA:3,0
DA:4,0
DA:7,0
DA:8,0
DA:11,0
DA:12,0
DA:15,0
DA:16,0
LF:8
LH:0
BRF:0
BRH:0
end_of_record
TN:
SF:src/volunteermatching/volunteermatching.jsx
FN:8,VolunteerMatching
FN:15,(anonymous_1)
FN:16,(anonymous_2)
FN:51,skillOverlap
FN:54,(anonymous_4)
FN:56,isEligible
FN:63,bestBySkills
FN:80,(anonymous_7)
FN:86,(anonymous_8)
FN:86,(anonymous_9)
FN:87,(anonymous_10)
FN:90,(anonymous_11)
FN:97,handleSave
FN:98,(anonymous_13)
FN:125,(anonymous_14)
FN:125,(anonymous_15)
FN:125,(anonymous_16)
FN:145,(anonymous_17)
FN:146,(anonymous_18)
FN:156,(anonymous_19)
FN:158,(anonymous_20)
FN:186,(anonymous_21)
FN:193,(anonymous_22)
FN:207,EventDetails
FNF:24
FNH:16
FNDA:4,VolunteerMatching
FNDA:2,(anonymous_1)
FNDA:2,(anonymous_2)
FNDA:2,skillOverlap
FNDA:2,(anonymous_4)
FNDA:1,isEligible
FNDA:3,bestBySkills
FNDA:3,(anonymous_7)
FNDA:3,(anonymous_8)
FNDA:1,(anonymous_9)
FNDA:3,(anonymous_10)
FNDA:2,(anonymous_11)
FNDA:0,handleSave
FNDA:0,(anonymous_13)
FNDA:3,(anonymous_14)
FNDA:1,(anonymous_15)
FNDA:0,(anonymous_16)
FNDA:0,(anonymous_17)
FNDA:1,(anonymous_18)
FNDA:0,(anonymous_19)
FNDA:1,(anonymous_20)
FNDA:0,(anonymous_21)
FNDA:0,(anonymous_22)
FNDA:0,EventDetails
DA:6,1
DA:10,4
DA:11,4
DA:12,4
DA:13,4
DA:15,4
DA:16,2
DA:17,2
DA:18,2
DA:19,2
DA:20,2
DA:24,2
DA:29,2
DA:30,1
DA:33,1
DA:38,1
DA:39,1
DA:40,1
DA:42,1
DA:43,1
DA:47,2
DA:52,2
DA:53,2
DA:54,2
DA:57,1
DA:58,1
DA:59,1
DA:60,1
DA:64,3
DA:65,0
DA:66,0
DA:67,0
DA:68,0
DA:69,0
DA:70,0
DA:73,0
DA:74,0
DA:79,4
DA:80,4
DA:81,3
DA:82,1
DA:86,4
DA:87,4
DA:88,4
DA:90,4
DA:91,2
DA:94,4
DA:96,4
DA:98,0
DA:99,0
DA:100,0
DA:102,0
DA:103,0
DA:104,0
DA:105,0
DA:113,0
DA:114,0
DA:115,0
DA:116,0
DA:118,0
DA:119,0
DA:121,0
DA:125,4
DA:126,4
DA:128,4
DA:129,2
DA:131,2
DA:132,1
DA:135,1
DA:145,0
DA:147,1
DA:156,0
DA:159,1
DA:160,1
DA:161,1
DA:162,1
DA:163,1
DA:186,0
DA:193,0
DA:208,0
DA:209,0
LF:81
LH:53
BRDA:29,0,0,1
BRDA:29,0,1,1
BRDA:29,1,0,2
BRDA:29,1,1,1
BRDA:38,2,0,1
BRDA:38,2,1,0
BRDA:39,3,0,1
BRDA:39,3,1,0
BRDA:42,4,0,1
BRDA:42,4,1,0
BRDA:52,5,0,2
BRDA:52,5,1,2
BRDA:53,6,0,2
BRDA:53,6,1,0
BRDA:54,7,0,0
BRDA:54,7,1,2
BRDA:57,8,0,1
BRDA:57,8,1,0
BRDA:57,9,0,1
BRDA:57,9,1,0
BRDA:58,10,0,0
BRDA:58,10,1,1
BRDA:64,11,0,3
BRDA:64,11,1,0
BRDA:64,12,0,3
BRDA:64,12,1,0
BRDA:67,13,0,0
BRDA:67,13,1,0
BRDA:69,14,0,0
BRDA:69,14,1,0
BRDA:69,15,0,0
BRDA:69,15,1,0
BRDA:73,16,0,0
BRDA:73,16,1,0
BRDA:81,17,0,1
BRDA:81,17,1,2
BRDA:81,18,0,3
BRDA:81,18,1,1
BRDA:91,19,0,2
BRDA:91,19,1,2
BRDA:99,20,0,0
BRDA:99,20,1,0
BRDA:99,21,0,0
BRDA:99,21,1,0
BRDA:100,22,0,0
BRDA:100,22,1,0
BRDA:114,23,0,0
BRDA:114,23,1,0
BRDA:115,24,0,0
BRDA:115,24,1,0
BRDA:126,25,0,4
BRDA:126,25,1,0
BRDA:128,26,0,2
BRDA:128,26,1,2
BRDA:131,27,0,1
BRDA:131,27,1,1
BRDA:145,28,0,1
BRDA:145,28,1,1
BRDA:155,29,0,1
BRDA:155,29,1,0
BRDA:159,30,0,1
BRDA:159,30,1,0
BRDA:162,31,0,1
BRDA:162,31,1,0
BRDA:164,32,0,0
BRDA:164,32,1,1
BRDA:165,33,0,0
BRDA:165,33,1,1
BRDA:173,34,0,0
BRDA:173,34,1,1
BRDA:176,35,0,0
BRDA:176,35,1,0
BRDA:185,36,0,1
BRDA:185,36,1,0
BRDA:196,37,0,1
BRDA:196,37,1,0
BRDA:199,38,0,1
BRDA:199,38,1,0
BRDA:208,39,0,0
BRDA:208,39,1,0
BRDA:213,40,0,0
BRDA:213,40,1,0
BRDA:214,41,0,0
BRDA:214,41,1,0
BRF:84
BRH:38
end_of_record
