{"/Users/masoncaldwell/Desktop/SWDesign-Proj/backend/accountmanage.js": {"path":"/Users/masoncaldwell/Desktop/SWDesign-Proj/backend/accountmanage.js","statementMap":{"0":{"start":{"line":6,"column":15},"end":{"line":6,"column":31}},"1":{"start":{"line":9,"column":19},"end":{"line":9,"column":49}},"2":{"start":{"line":10,"column":18},"end":{"line":10,"column":42}},"3":{"start":{"line":11,"column":18},"end":{"line":11,"column":58}},"4":{"start":{"line":13,"column":12},"end":{"line":13,"column":14}},"5":{"start":{"line":16,"column":2},"end":{"line":23,"column":3}},"6":{"start":{"line":17,"column":16},"end":{"line":17,"column":52}},"7":{"start":{"line":18,"column":19},"end":{"line":18,"column":42}},"8":{"start":{"line":19,"column":4},"end":{"line":19,"column":61}},"9":{"start":{"line":19,"column":46},"end":{"line":19,"column":61}},"10":{"start":{"line":22,"column":4},"end":{"line":22,"column":15}},"11":{"start":{"line":27,"column":2},"end":{"line":33,"column":3}},"12":{"start":{"line":28,"column":4},"end":{"line":28,"column":74}},"13":{"start":{"line":29,"column":4},"end":{"line":29,"column":16}},"14":{"start":{"line":31,"column":4},"end":{"line":31,"column":58}},"15":{"start":{"line":32,"column":4},"end":{"line":32,"column":17}},"16":{"start":{"line":37,"column":0},"end":{"line":37,"column":12}},"17":{"start":{"line":40,"column":0},"end":{"line":43,"column":3}},"18":{"start":{"line":41,"column":15},"end":{"line":41,"column":35}},"19":{"start":{"line":42,"column":2},"end":{"line":42,"column":17}},"20":{"start":{"line":46,"column":0},"end":{"line":51,"column":3}},"21":{"start":{"line":47,"column":13},"end":{"line":47,"column":26}},"22":{"start":{"line":48,"column":16},"end":{"line":48,"column":25}},"23":{"start":{"line":49,"column":2},"end":{"line":49,"column":66}},"24":{"start":{"line":49,"column":14},"end":{"line":49,"column":66}},"25":{"start":{"line":50,"column":2},"end":{"line":50,"column":18}},"26":{"start":{"line":54,"column":0},"end":{"line":81,"column":3}},"27":{"start":{"line":55,"column":15},"end":{"line":55,"column":29}},"28":{"start":{"line":58,"column":16},"end":{"line":70,"column":3}},"29":{"start":{"line":72,"column":2},"end":{"line":72,"column":26}},"30":{"start":{"line":73,"column":13},"end":{"line":73,"column":33}},"31":{"start":{"line":74,"column":2},"end":{"line":78,"column":3}},"32":{"start":{"line":76,"column":4},"end":{"line":76,"column":27}},"33":{"start":{"line":77,"column":4},"end":{"line":77,"column":72}},"34":{"start":{"line":80,"column":2},"end":{"line":80,"column":30}}},"fnMap":{"0":{"name":"loadStore","decl":{"start":{"line":15,"column":15},"end":{"line":15,"column":24}},"loc":{"start":{"line":15,"column":27},"end":{"line":24,"column":1}},"line":15},"1":{"name":"persistStore","decl":{"start":{"line":26,"column":15},"end":{"line":26,"column":27}},"loc":{"start":{"line":26,"column":30},"end":{"line":34,"column":1}},"line":26},"2":{"name":"(anonymous_2)","decl":{"start":{"line":40,"column":16},"end":{"line":40,"column":17}},"loc":{"start":{"line":40,"column":30},"end":{"line":43,"column":1}},"line":40},"3":{"name":"(anonymous_3)","decl":{"start":{"line":46,"column":19},"end":{"line":46,"column":20}},"loc":{"start":{"line":46,"column":33},"end":{"line":51,"column":1}},"line":46},"4":{"name":"(anonymous_4)","decl":{"start":{"line":54,"column":17},"end":{"line":54,"column":18}},"loc":{"start":{"line":54,"column":37},"end":{"line":81,"column":1}},"line":54}},"branchMap":{"0":{"loc":{"start":{"line":18,"column":30},"end":{"line":18,"column":41}},"type":"binary-expr","locations":[{"start":{"line":18,"column":30},"end":{"line":18,"column":33}},{"start":{"line":18,"column":37},"end":{"line":18,"column":41}}],"line":18},"1":{"loc":{"start":{"line":19,"column":4},"end":{"line":19,"column":61}},"type":"if","locations":[{"start":{"line":19,"column":4},"end":{"line":19,"column":61}},{"start":{},"end":{}}],"line":19},"2":{"loc":{"start":{"line":19,"column":8},"end":{"line":19,"column":44}},"type":"binary-expr","locations":[{"start":{"line":19,"column":8},"end":{"line":19,"column":14}},{"start":{"line":19,"column":18},"end":{"line":19,"column":44}}],"line":19},"3":{"loc":{"start":{"line":49,"column":2},"end":{"line":49,"column":66}},"type":"if","locations":[{"start":{"line":49,"column":2},"end":{"line":49,"column":66}},{"start":{},"end":{}}],"line":49},"4":{"loc":{"start":{"line":55,"column":15},"end":{"line":55,"column":29}},"type":"binary-expr","locations":[{"start":{"line":55,"column":15},"end":{"line":55,"column":23}},{"start":{"line":55,"column":27},"end":{"line":55,"column":29}}],"line":55},"5":{"loc":{"start":{"line":61,"column":14},"end":{"line":61,"column":33}},"type":"binary-expr","locations":[{"start":{"line":61,"column":14},"end":{"line":61,"column":27}},{"start":{"line":61,"column":31},"end":{"line":61,"column":33}}],"line":61},"6":{"loc":{"start":{"line":62,"column":14},"end":{"line":62,"column":33}},"type":"binary-expr","locations":[{"start":{"line":62,"column":14},"end":{"line":62,"column":27}},{"start":{"line":62,"column":31},"end":{"line":62,"column":33}}],"line":62},"7":{"loc":{"start":{"line":63,"column":14},"end":{"line":63,"column":33}},"type":"binary-expr","locations":[{"start":{"line":63,"column":14},"end":{"line":63,"column":27}},{"start":{"line":63,"column":31},"end":{"line":63,"column":33}}],"line":63},"8":{"loc":{"start":{"line":64,"column":10},"end":{"line":64,"column":25}},"type":"binary-expr","locations":[{"start":{"line":64,"column":10},"end":{"line":64,"column":19}},{"start":{"line":64,"column":23},"end":{"line":64,"column":25}}],"line":64},"9":{"loc":{"start":{"line":65,"column":11},"end":{"line":65,"column":27}},"type":"binary-expr","locations":[{"start":{"line":65,"column":11},"end":{"line":65,"column":21}},{"start":{"line":65,"column":25},"end":{"line":65,"column":27}}],"line":65},"10":{"loc":{"start":{"line":66,"column":9},"end":{"line":66,"column":23}},"type":"binary-expr","locations":[{"start":{"line":66,"column":9},"end":{"line":66,"column":17}},{"start":{"line":66,"column":21},"end":{"line":66,"column":23}}],"line":66},"11":{"loc":{"start":{"line":67,"column":12},"end":{"line":67,"column":57}},"type":"cond-expr","locations":[{"start":{"line":67,"column":41},"end":{"line":67,"column":52}},{"start":{"line":67,"column":55},"end":{"line":67,"column":57}}],"line":67},"12":{"loc":{"start":{"line":68,"column":17},"end":{"line":68,"column":39}},"type":"binary-expr","locations":[{"start":{"line":68,"column":17},"end":{"line":68,"column":33}},{"start":{"line":68,"column":37},"end":{"line":68,"column":39}}],"line":68},"13":{"loc":{"start":{"line":69,"column":18},"end":{"line":69,"column":75}},"type":"cond-expr","locations":[{"start":{"line":69,"column":53},"end":{"line":69,"column":70}},{"start":{"line":69,"column":73},"end":{"line":69,"column":75}}],"line":69},"14":{"loc":{"start":{"line":74,"column":2},"end":{"line":78,"column":3}},"type":"if","locations":[{"start":{"line":74,"column":2},"end":{"line":78,"column":3}},{"start":{},"end":{}}],"line":74}},"s":{"0":0,"1":0,"2":0,"3":0,"4":0,"5":0,"6":0,"7":0,"8":0,"9":0,"10":0,"11":0,"12":0,"13":0,"14":0,"15":0,"16":0,"17":0,"18":0,"19":0,"20":0,"21":0,"22":0,"23":0,"24":0,"25":0,"26":0,"27":0,"28":0,"29":0,"30":0,"31":0,"32":0,"33":0,"34":0},"f":{"0":0,"1":0,"2":0,"3":0,"4":0},"b":{"0":[0,0],"1":[0,0],"2":[0,0],"3":[0,0],"4":[0,0],"5":[0,0],"6":[0,0],"7":[0,0],"8":[0,0],"9":[0,0],"10":[0,0],"11":[0,0],"12":[0,0],"13":[0,0],"14":[0,0]}}
,"/Users/masoncaldwell/Desktop/SWDesign-Proj/backend/db.js": {"path":"/Users/masoncaldwell/Desktop/SWDesign-Proj/backend/db.js","statementMap":{"0":{"start":{"line":4,"column":0},"end":{"line":4,"column":16}},"1":{"start":{"line":6,"column":18},"end":{"line":12,"column":8}},"2":{"start":{"line":14,"column":13},"end":{"line":22,"column":2}}},"fnMap":{},"branchMap":{"0":{"loc":{"start":{"line":6,"column":18},"end":{"line":12,"column":8}},"type":"cond-expr","locations":[{"start":{"line":8,"column":4},"end":{"line":12,"column":1}},{"start":{"line":12,"column":4},"end":{"line":12,"column":8}}],"line":6},"1":{"loc":{"start":{"line":7,"column":2},"end":{"line":7,"column":67}},"type":"binary-expr","locations":[{"start":{"line":7,"column":2},"end":{"line":7,"column":20}},{"start":{"line":7,"column":24},"end":{"line":7,"column":44}},{"start":{"line":7,"column":48},"end":{"line":7,"column":67}}],"line":7},"2":{"loc":{"start":{"line":19,"column":8},"end":{"line":19,"column":35}},"type":"binary-expr","locations":[{"start":{"line":19,"column":8},"end":{"line":19,"column":27}},{"start":{"line":19,"column":31},"end":{"line":19,"column":35}}],"line":19},"3":{"loc":{"start":{"line":21,"column":6},"end":{"line":21,"column":37}},"type":"binary-expr","locations":[{"start":{"line":21,"column":6},"end":{"line":21,"column":15}},{"start":{"line":21,"column":19},"end":{"line":21,"column":37}}],"line":21}},"s":{"0":0,"1":0,"2":0},"f":{},"b":{"0":[0,0],"1":[0,0,0],"2":[0,0],"3":[0,0]}}
,"/Users/masoncaldwell/Desktop/SWDesign-Proj/backend/index.js": {"path":"/Users/masoncaldwell/Desktop/SWDesign-Proj/backend/index.js","statementMap":{"0":{"start":{"line":10,"column":0},"end":{"line":10,"column":16}},"1":{"start":{"line":11,"column":12},"end":{"line":11,"column":21}},"2":{"start":{"line":13,"column":0},"end":{"line":13,"column":16}},"3":{"start":{"line":14,"column":0},"end":{"line":14,"column":24}},"4":{"start":{"line":17,"column":0},"end":{"line":17,"column":33}},"5":{"start":{"line":18,"column":0},"end":{"line":18,"column":36}},"6":{"start":{"line":22,"column":0},"end":{"line":22,"column":41}},"7":{"start":{"line":23,"column":0},"end":{"line":23,"column":36}},"8":{"start":{"line":26,"column":0},"end":{"line":28,"column":3}},"9":{"start":{"line":27,"column":2},"end":{"line":27,"column":52}},"10":{"start":{"line":30,"column":0},"end":{"line":30,"column":40}},"11":{"start":{"line":32,"column":0},"end":{"line":34,"column":5}},"12":{"start":{"line":33,"column":4},"end":{"line":33,"column":38}},"13":{"start":{"line":36,"column":13},"end":{"line":36,"column":37}},"14":{"start":{"line":37,"column":0},"end":{"line":37,"column":84}},"15":{"start":{"line":37,"column":23},"end":{"line":37,"column":82}}},"fnMap":{"0":{"name":"(anonymous_0)","decl":{"start":{"line":26,"column":22},"end":{"line":26,"column":23}},"loc":{"start":{"line":26,"column":36},"end":{"line":28,"column":1}},"line":26},"1":{"name":"(anonymous_1)","decl":{"start":{"line":32,"column":13},"end":{"line":32,"column":14}},"loc":{"start":{"line":32,"column":27},"end":{"line":34,"column":3}},"line":32},"2":{"name":"(anonymous_2)","decl":{"start":{"line":37,"column":17},"end":{"line":37,"column":18}},"loc":{"start":{"line":37,"column":23},"end":{"line":37,"column":82}},"line":37}},"branchMap":{"0":{"loc":{"start":{"line":36,"column":13},"end":{"line":36,"column":37}},"type":"binary-expr","locations":[{"start":{"line":36,"column":13},"end":{"line":36,"column":29}},{"start":{"line":36,"column":33},"end":{"line":36,"column":37}}],"line":36}},"s":{"0":0,"1":0,"2":0,"3":0,"4":0,"5":0,"6":0,"7":0,"8":0,"9":0,"10":0,"11":0,"12":0,"13":0,"14":0,"15":0},"f":{"0":0,"1":0,"2":0},"b":{"0":[0,0]}}
,"/Users/masoncaldwell/Desktop/SWDesign-Proj/backend/testSetup.js": {"path":"/Users/masoncaldwell/Desktop/SWDesign-Proj/backend/testSetup.js","statementMap":{"0":{"start":{"line":9,"column":22},"end":{"line":31,"column":1}},"1":{"start":{"line":10,"column":14},"end":{"line":10,"column":23}},"2":{"start":{"line":12,"column":2},"end":{"line":12,"column":18}},"3":{"start":{"line":13,"column":2},"end":{"line":13,"column":26}},"4":{"start":{"line":16,"column":2},"end":{"line":16,"column":35}},"5":{"start":{"line":17,"column":2},"end":{"line":17,"column":38}},"6":{"start":{"line":18,"column":2},"end":{"line":18,"column":43}},"7":{"start":{"line":19,"column":2},"end":{"line":19,"column":38}},"8":{"start":{"line":20,"column":2},"end":{"line":20,"column":42}},"9":{"start":{"line":23,"column":2},"end":{"line":28,"column":5}},"10":{"start":{"line":24,"column":4},"end":{"line":24,"column":23}},"11":{"start":{"line":25,"column":4},"end":{"line":27,"column":7}},"12":{"start":{"line":30,"column":2},"end":{"line":30,"column":13}}},"fnMap":{"0":{"name":"(anonymous_0)","decl":{"start":{"line":9,"column":22},"end":{"line":9,"column":23}},"loc":{"start":{"line":9,"column":28},"end":{"line":31,"column":1}},"line":9},"1":{"name":"(anonymous_1)","decl":{"start":{"line":23,"column":10},"end":{"line":23,"column":11}},"loc":{"start":{"line":23,"column":35},"end":{"line":28,"column":3}},"line":23}},"branchMap":{"0":{"loc":{"start":{"line":25,"column":15},"end":{"line":25,"column":32}},"type":"binary-expr","locations":[{"start":{"line":25,"column":15},"end":{"line":25,"column":25}},{"start":{"line":25,"column":29},"end":{"line":25,"column":32}}],"line":25},"1":{"loc":{"start":{"line":26,"column":13},"end":{"line":26,"column":51}},"type":"binary-expr","locations":[{"start":{"line":26,"column":13},"end":{"line":26,"column":24}},{"start":{"line":26,"column":28},"end":{"line":26,"column":51}}],"line":26}},"s":{"0":0,"1":0,"2":0,"3":0,"4":0,"5":0,"6":0,"7":0,"8":0,"9":0,"10":0,"11":0,"12":0},"f":{"0":0,"1":0},"b":{"0":[0,0],"1":[0,0]}}
,"/Users/masoncaldwell/Desktop/SWDesign-Proj/backend/controllers/authController.js": {"path":"/Users/masoncaldwell/Desktop/SWDesign-Proj/backend/controllers/authController.js","statementMap":{"0":{"start":{"line":4,"column":24},"end":{"line":22,"column":1}},"1":{"start":{"line":5,"column":33},"end":{"line":5,"column":41}},"2":{"start":{"line":7,"column":2},"end":{"line":9,"column":3}},"3":{"start":{"line":8,"column":4},"end":{"line":8,"column":70}},"4":{"start":{"line":11,"column":2},"end":{"line":13,"column":3}},"5":{"start":{"line":11,"column":24},"end":{"line":11,"column":47}},"6":{"start":{"line":12,"column":4},"end":{"line":12,"column":70}},"7":{"start":{"line":15,"column":18},"end":{"line":15,"column":62}},"8":{"start":{"line":16,"column":2},"end":{"line":16,"column":22}},"9":{"start":{"line":18,"column":2},"end":{"line":21,"column":5}},"10":{"start":{"line":24,"column":21},"end":{"line":53,"column":1}},"11":{"start":{"line":25,"column":33},"end":{"line":25,"column":41}},"12":{"start":{"line":27,"column":2},"end":{"line":29,"column":3}},"13":{"start":{"line":28,"column":4},"end":{"line":28,"column":78}},"14":{"start":{"line":31,"column":15},"end":{"line":33,"column":3}},"15":{"start":{"line":32,"column":11},"end":{"line":32,"column":61}},"16":{"start":{"line":35,"column":2},"end":{"line":37,"column":3}},"17":{"start":{"line":36,"column":4},"end":{"line":36,"column":68}},"18":{"start":{"line":40,"column":16},"end":{"line":44,"column":3}},"19":{"start":{"line":46,"column":2},"end":{"line":52,"column":5}}},"fnMap":{"0":{"name":"(anonymous_0)","decl":{"start":{"line":4,"column":24},"end":{"line":4,"column":25}},"loc":{"start":{"line":4,"column":38},"end":{"line":22,"column":1}},"line":4},"1":{"name":"(anonymous_1)","decl":{"start":{"line":11,"column":17},"end":{"line":11,"column":18}},"loc":{"start":{"line":11,"column":24},"end":{"line":11,"column":47}},"line":11},"2":{"name":"(anonymous_2)","decl":{"start":{"line":24,"column":21},"end":{"line":24,"column":22}},"loc":{"start":{"line":24,"column":35},"end":{"line":53,"column":1}},"line":24},"3":{"name":"(anonymous_3)","decl":{"start":{"line":32,"column":4},"end":{"line":32,"column":5}},"loc":{"start":{"line":32,"column":11},"end":{"line":32,"column":61}},"line":32}},"branchMap":{"0":{"loc":{"start":{"line":7,"column":2},"end":{"line":9,"column":3}},"type":"if","locations":[{"start":{"line":7,"column":2},"end":{"line":9,"column":3}},{"start":{},"end":{}}],"line":7},"1":{"loc":{"start":{"line":7,"column":6},"end":{"line":7,"column":28}},"type":"binary-expr","locations":[{"start":{"line":7,"column":6},"end":{"line":7,"column":15}},{"start":{"line":7,"column":19},"end":{"line":7,"column":28}}],"line":7},"2":{"loc":{"start":{"line":11,"column":2},"end":{"line":13,"column":3}},"type":"if","locations":[{"start":{"line":11,"column":2},"end":{"line":13,"column":3}},{"start":{},"end":{}}],"line":11},"3":{"loc":{"start":{"line":27,"column":2},"end":{"line":29,"column":3}},"type":"if","locations":[{"start":{"line":27,"column":2},"end":{"line":29,"column":3}},{"start":{},"end":{}}],"line":27},"4":{"loc":{"start":{"line":27,"column":6},"end":{"line":27,"column":28}},"type":"binary-expr","locations":[{"start":{"line":27,"column":6},"end":{"line":27,"column":15}},{"start":{"line":27,"column":19},"end":{"line":27,"column":28}}],"line":27},"5":{"loc":{"start":{"line":32,"column":11},"end":{"line":32,"column":61}},"type":"binary-expr","locations":[{"start":{"line":32,"column":11},"end":{"line":32,"column":34}},{"start":{"line":32,"column":38},"end":{"line":32,"column":61}}],"line":32},"6":{"loc":{"start":{"line":35,"column":2},"end":{"line":37,"column":3}},"type":"if","locations":[{"start":{"line":35,"column":2},"end":{"line":37,"column":3}},{"start":{},"end":{}}],"line":35},"7":{"loc":{"start":{"line":42,"column":4},"end":{"line":42,"column":46}},"type":"binary-expr","locations":[{"start":{"line":42,"column":4},"end":{"line":42,"column":26}},{"start":{"line":42,"column":30},"end":{"line":42,"column":46}}],"line":42}},"s":{"0":1,"1":2,"2":2,"3":0,"4":2,"5":2,"6":1,"7":1,"8":1,"9":1,"10":1,"11":3,"12":3,"13":0,"14":3,"15":5,"16":3,"17":2,"18":1,"19":1},"f":{"0":2,"1":2,"2":3,"3":5},"b":{"0":[0,2],"1":[2,2],"2":[1,1],"3":[0,3],"4":[3,3],"5":[5,2],"6":[2,1],"7":[1,0]},"_coverageSchema":"1a1c01bbd47fc00a2c39e90264f33305004495a9","hash":"a88e0ca1417811e50b3b0db1129bc1f29c082cc3"}
,"/Users/masoncaldwell/Desktop/SWDesign-Proj/backend/controllers/eventController.js": {"path":"/Users/masoncaldwell/Desktop/SWDesign-Proj/backend/controllers/eventController.js","statementMap":{"0":{"start":{"line":3,"column":28},"end":{"line":11,"column":1}},"1":{"start":{"line":4,"column":2},"end":{"line":10,"column":3}},"2":{"start":{"line":5,"column":21},"end":{"line":5,"column":61}},"3":{"start":{"line":6,"column":4},"end":{"line":6,"column":21}},"4":{"start":{"line":8,"column":4},"end":{"line":8,"column":51}},"5":{"start":{"line":9,"column":4},"end":{"line":9,"column":63}},"6":{"start":{"line":13,"column":28},"end":{"line":23,"column":1}},"7":{"start":{"line":14,"column":2},"end":{"line":22,"column":3}},"8":{"start":{"line":15,"column":21},"end":{"line":15,"column":91}},"9":{"start":{"line":16,"column":18},"end":{"line":16,"column":27}},"10":{"start":{"line":17,"column":4},"end":{"line":17,"column":76}},"11":{"start":{"line":17,"column":16},"end":{"line":17,"column":76}},"12":{"start":{"line":18,"column":4},"end":{"line":18,"column":20}},"13":{"start":{"line":20,"column":4},"end":{"line":20,"column":50}},"14":{"start":{"line":21,"column":4},"end":{"line":21,"column":62}},"15":{"start":{"line":25,"column":27},"end":{"line":59,"column":1}},"16":{"start":{"line":26,"column":63},"end":{"line":26,"column":71}},"17":{"start":{"line":29,"column":2},"end":{"line":31,"column":3}},"18":{"start":{"line":30,"column":4},"end":{"line":30,"column":72}},"19":{"start":{"line":34,"column":2},"end":{"line":36,"column":3}},"20":{"start":{"line":35,"column":4},"end":{"line":35,"column":81}},"21":{"start":{"line":38,"column":2},"end":{"line":58,"column":3}},"22":{"start":{"line":39,"column":21},"end":{"line":42,"column":5}},"23":{"start":{"line":44,"column":4},"end":{"line":54,"column":7}},"24":{"start":{"line":56,"column":4},"end":{"line":56,"column":50}},"25":{"start":{"line":57,"column":4},"end":{"line":57,"column":62}},"26":{"start":{"line":61,"column":27},"end":{"line":93,"column":1}},"27":{"start":{"line":62,"column":63},"end":{"line":62,"column":71}},"28":{"start":{"line":63,"column":13},"end":{"line":63,"column":36}},"29":{"start":{"line":65,"column":2},"end":{"line":92,"column":3}},"30":{"start":{"line":67,"column":21},"end":{"line":67,"column":80}},"31":{"start":{"line":68,"column":4},"end":{"line":70,"column":5}},"32":{"start":{"line":69,"column":6},"end":{"line":69,"column":66}},"33":{"start":{"line":73,"column":4},"end":{"line":76,"column":6}},"34":{"start":{"line":78,"column":4},"end":{"line":88,"column":7}},"35":{"start":{"line":90,"column":4},"end":{"line":90,"column":50}},"36":{"start":{"line":91,"column":4},"end":{"line":91,"column":62}},"37":{"start":{"line":95,"column":27},"end":{"line":113,"column":1}},"38":{"start":{"line":96,"column":13},"end":{"line":96,"column":36}},"39":{"start":{"line":98,"column":2},"end":{"line":112,"column":3}},"40":{"start":{"line":100,"column":21},"end":{"line":100,"column":80}},"41":{"start":{"line":101,"column":4},"end":{"line":103,"column":5}},"42":{"start":{"line":102,"column":6},"end":{"line":102,"column":66}},"43":{"start":{"line":106,"column":4},"end":{"line":106,"column":62}},"44":{"start":{"line":108,"column":4},"end":{"line":108,"column":68}},"45":{"start":{"line":110,"column":4},"end":{"line":110,"column":50}},"46":{"start":{"line":111,"column":4},"end":{"line":111,"column":62}}},"fnMap":{"0":{"name":"(anonymous_0)","decl":{"start":{"line":3,"column":28},"end":{"line":3,"column":29}},"loc":{"start":{"line":3,"column":48},"end":{"line":11,"column":1}},"line":3},"1":{"name":"(anonymous_1)","decl":{"start":{"line":13,"column":28},"end":{"line":13,"column":29}},"loc":{"start":{"line":13,"column":48},"end":{"line":23,"column":1}},"line":13},"2":{"name":"(anonymous_2)","decl":{"start":{"line":25,"column":27},"end":{"line":25,"column":28}},"loc":{"start":{"line":25,"column":47},"end":{"line":59,"column":1}},"line":25},"3":{"name":"(anonymous_3)","decl":{"start":{"line":61,"column":27},"end":{"line":61,"column":28}},"loc":{"start":{"line":61,"column":47},"end":{"line":93,"column":1}},"line":61},"4":{"name":"(anonymous_4)","decl":{"start":{"line":95,"column":27},"end":{"line":95,"column":28}},"loc":{"start":{"line":95,"column":47},"end":{"line":113,"column":1}},"line":95}},"branchMap":{"0":{"loc":{"start":{"line":17,"column":4},"end":{"line":17,"column":76}},"type":"if","locations":[{"start":{"line":17,"column":4},"end":{"line":17,"column":76}},{"start":{},"end":{}}],"line":17},"1":{"loc":{"start":{"line":29,"column":2},"end":{"line":31,"column":3}},"type":"if","locations":[{"start":{"line":29,"column":2},"end":{"line":31,"column":3}},{"start":{},"end":{}}],"line":29},"2":{"loc":{"start":{"line":29,"column":6},"end":{"line":29,"column":49}},"type":"binary-expr","locations":[{"start":{"line":29,"column":6},"end":{"line":29,"column":11}},{"start":{"line":29,"column":15},"end":{"line":29,"column":27}},{"start":{"line":29,"column":31},"end":{"line":29,"column":36}},{"start":{"line":29,"column":40},"end":{"line":29,"column":49}}],"line":29},"3":{"loc":{"start":{"line":34,"column":2},"end":{"line":36,"column":3}},"type":"if","locations":[{"start":{"line":34,"column":2},"end":{"line":36,"column":3}},{"start":{},"end":{}}],"line":34},"4":{"loc":{"start":{"line":68,"column":4},"end":{"line":70,"column":5}},"type":"if","locations":[{"start":{"line":68,"column":4},"end":{"line":70,"column":5}},{"start":{},"end":{}}],"line":68},"5":{"loc":{"start":{"line":101,"column":4},"end":{"line":103,"column":5}},"type":"if","locations":[{"start":{"line":101,"column":4},"end":{"line":103,"column":5}},{"start":{},"end":{}}],"line":101}},"s":{"0":0,"1":0,"2":0,"3":0,"4":0,"5":0,"6":0,"7":0,"8":0,"9":0,"10":0,"11":0,"12":0,"13":0,"14":0,"15":0,"16":0,"17":0,"18":0,"19":0,"20":0,"21":0,"22":0,"23":0,"24":0,"25":0,"26":0,"27":0,"28":0,"29":0,"30":0,"31":0,"32":0,"33":0,"34":0,"35":0,"36":0,"37":0,"38":0,"39":0,"40":0,"41":0,"42":0,"43":0,"44":0,"45":0,"46":0},"f":{"0":0,"1":0,"2":0,"3":0,"4":0},"b":{"0":[0,0],"1":[0,0],"2":[0,0,0,0],"3":[0,0],"4":[0,0],"5":[0,0]}}
,"/Users/masoncaldwell/Desktop/SWDesign-Proj/backend/middleware/authMiddleware.js": {"path":"/Users/masoncaldwell/Desktop/SWDesign-Proj/backend/middleware/authMiddleware.js","statementMap":{"0":{"start":{"line":3,"column":26},"end":{"line":20,"column":1}},"1":{"start":{"line":5,"column":2},"end":{"line":8,"column":3}},"2":{"start":{"line":6,"column":4},"end":{"line":6,"column":62}},"3":{"start":{"line":7,"column":4},"end":{"line":7,"column":18}},"4":{"start":{"line":10,"column":21},"end":{"line":10,"column":49}},"5":{"start":{"line":11,"column":16},"end":{"line":11,"column":54}},"6":{"start":{"line":13,"column":2},"end":{"line":13,"column":76}},"7":{"start":{"line":13,"column":14},"end":{"line":13,"column":76}},"8":{"start":{"line":15,"column":2},"end":{"line":19,"column":5}},"9":{"start":{"line":16,"column":4},"end":{"line":16,"column":71}},"10":{"start":{"line":16,"column":13},"end":{"line":16,"column":71}},"11":{"start":{"line":17,"column":4},"end":{"line":17,"column":20}},"12":{"start":{"line":18,"column":4},"end":{"line":18,"column":11}}},"fnMap":{"0":{"name":"(anonymous_0)","decl":{"start":{"line":3,"column":26},"end":{"line":3,"column":27}},"loc":{"start":{"line":3,"column":46},"end":{"line":20,"column":1}},"line":3},"1":{"name":"(anonymous_1)","decl":{"start":{"line":15,"column":64},"end":{"line":15,"column":65}},"loc":{"start":{"line":15,"column":79},"end":{"line":19,"column":3}},"line":15}},"branchMap":{"0":{"loc":{"start":{"line":5,"column":2},"end":{"line":8,"column":3}},"type":"if","locations":[{"start":{"line":5,"column":2},"end":{"line":8,"column":3}},{"start":{},"end":{}}],"line":5},"1":{"loc":{"start":{"line":11,"column":16},"end":{"line":11,"column":54}},"type":"binary-expr","locations":[{"start":{"line":11,"column":16},"end":{"line":11,"column":26}},{"start":{"line":11,"column":30},"end":{"line":11,"column":54}}],"line":11},"2":{"loc":{"start":{"line":13,"column":2},"end":{"line":13,"column":76}},"type":"if","locations":[{"start":{"line":13,"column":2},"end":{"line":13,"column":76}},{"start":{},"end":{}}],"line":13},"3":{"loc":{"start":{"line":15,"column":20},"end":{"line":15,"column":62}},"type":"binary-expr","locations":[{"start":{"line":15,"column":20},"end":{"line":15,"column":42}},{"start":{"line":15,"column":46},"end":{"line":15,"column":62}}],"line":15},"4":{"loc":{"start":{"line":16,"column":4},"end":{"line":16,"column":71}},"type":"if","locations":[{"start":{"line":16,"column":4},"end":{"line":16,"column":71}},{"start":{},"end":{}}],"line":16}},"s":{"0":0,"1":0,"2":0,"3":0,"4":0,"5":0,"6":0,"7":0,"8":0,"9":0,"10":0,"11":0,"12":0},"f":{"0":0,"1":0},"b":{"0":[0,0],"1":[0,0],"2":[0,0],"3":[0,0],"4":[0,0]}}
,"/Users/masoncaldwell/Desktop/SWDesign-Proj/backend/notification/notification.js": {"path":"/Users/masoncaldwell/Desktop/SWDesign-Proj/backend/notification/notification.js","statementMap":{"0":{"start":{"line":4,"column":15},"end":{"line":4,"column":31}},"1":{"start":{"line":10,"column":0},"end":{"line":38,"column":3}},"2":{"start":{"line":11,"column":21},"end":{"line":11,"column":30}},"3":{"start":{"line":12,"column":2},"end":{"line":12,"column":76}},"4":{"start":{"line":12,"column":15},"end":{"line":12,"column":76}},"5":{"start":{"line":14,"column":2},"end":{"line":37,"column":3}},"6":{"start":{"line":15,"column":19},"end":{"line":31,"column":5}},"7":{"start":{"line":33,"column":4},"end":{"line":33,"column":19}},"8":{"start":{"line":35,"column":4},"end":{"line":35,"column":56}},"9":{"start":{"line":36,"column":4},"end":{"line":36,"column":68}},"10":{"start":{"line":44,"column":0},"end":{"line":105,"column":3}},"11":{"start":{"line":45,"column":52},"end":{"line":45,"column":60}},"12":{"start":{"line":46,"column":2},"end":{"line":47,"column":76}},"13":{"start":{"line":47,"column":4},"end":{"line":47,"column":76}},"14":{"start":{"line":49,"column":2},"end":{"line":104,"column":3}},"15":{"start":{"line":50,"column":21},"end":{"line":50,"column":23}},"16":{"start":{"line":53,"column":4},"end":{"line":85,"column":5}},"17":{"start":{"line":54,"column":21},"end":{"line":60,"column":7}},"18":{"start":{"line":61,"column":6},"end":{"line":62,"column":70}},"19":{"start":{"line":62,"column":8},"end":{"line":62,"column":70}},"20":{"start":{"line":63,"column":6},"end":{"line":63,"column":45}},"21":{"start":{"line":63,"column":35},"end":{"line":63,"column":43}},"22":{"start":{"line":67,"column":9},"end":{"line":85,"column":5}},"23":{"start":{"line":68,"column":21},"end":{"line":75,"column":7}},"24":{"start":{"line":76,"column":6},"end":{"line":79,"column":67}},"25":{"start":{"line":77,"column":8},"end":{"line":79,"column":67}},"26":{"start":{"line":80,"column":6},"end":{"line":80,"column":45}},"27":{"start":{"line":80,"column":35},"end":{"line":80,"column":43}},"28":{"start":{"line":82,"column":6},"end":{"line":84,"column":66}},"29":{"start":{"line":88,"column":4},"end":{"line":94,"column":5}},"30":{"start":{"line":89,"column":6},"end":{"line":93,"column":8}},"31":{"start":{"line":96,"column":4},"end":{"line":100,"column":7}},"32":{"start":{"line":102,"column":4},"end":{"line":102,"column":55}},"33":{"start":{"line":103,"column":4},"end":{"line":103,"column":68}}},"fnMap":{"0":{"name":"(anonymous_0)","decl":{"start":{"line":10,"column":29},"end":{"line":10,"column":30}},"loc":{"start":{"line":10,"column":49},"end":{"line":38,"column":1}},"line":10},"1":{"name":"(anonymous_1)","decl":{"start":{"line":44,"column":30},"end":{"line":44,"column":31}},"loc":{"start":{"line":44,"column":50},"end":{"line":105,"column":1}},"line":44},"2":{"name":"(anonymous_2)","decl":{"start":{"line":63,"column":28},"end":{"line":63,"column":29}},"loc":{"start":{"line":63,"column":35},"end":{"line":63,"column":43}},"line":63},"3":{"name":"(anonymous_3)","decl":{"start":{"line":80,"column":28},"end":{"line":80,"column":29}},"loc":{"start":{"line":80,"column":35},"end":{"line":80,"column":43}},"line":80}},"branchMap":{"0":{"loc":{"start":{"line":12,"column":2},"end":{"line":12,"column":76}},"type":"if","locations":[{"start":{"line":12,"column":2},"end":{"line":12,"column":76}},{"start":{},"end":{}}],"line":12},"1":{"loc":{"start":{"line":46,"column":2},"end":{"line":47,"column":76}},"type":"if","locations":[{"start":{"line":46,"column":2},"end":{"line":47,"column":76}},{"start":{},"end":{}}],"line":46},"2":{"loc":{"start":{"line":46,"column":6},"end":{"line":46,"column":23}},"type":"binary-expr","locations":[{"start":{"line":46,"column":6},"end":{"line":46,"column":11}},{"start":{"line":46,"column":15},"end":{"line":46,"column":23}}],"line":46},"3":{"loc":{"start":{"line":53,"column":4},"end":{"line":85,"column":5}},"type":"if","locations":[{"start":{"line":53,"column":4},"end":{"line":85,"column":5}},{"start":{"line":67,"column":9},"end":{"line":85,"column":5}}],"line":53},"4":{"loc":{"start":{"line":61,"column":6},"end":{"line":62,"column":70}},"type":"if","locations":[{"start":{"line":61,"column":6},"end":{"line":62,"column":70}},{"start":{},"end":{}}],"line":61},"5":{"loc":{"start":{"line":67,"column":9},"end":{"line":85,"column":5}},"type":"if","locations":[{"start":{"line":67,"column":9},"end":{"line":85,"column":5}},{"start":{"line":81,"column":11},"end":{"line":85,"column":5}}],"line":67},"6":{"loc":{"start":{"line":76,"column":6},"end":{"line":79,"column":67}},"type":"if","locations":[{"start":{"line":76,"column":6},"end":{"line":79,"column":67}},{"start":{},"end":{}}],"line":76},"7":{"loc":{"start":{"line":92,"column":32},"end":{"line":92,"column":47}},"type":"binary-expr","locations":[{"start":{"line":92,"column":32},"end":{"line":92,"column":39}},{"start":{"line":92,"column":43},"end":{"line":92,"column":47}}],"line":92}},"s":{"0":1,"1":1,"2":2,"3":2,"4":1,"5":1,"6":1,"7":1,"8":0,"9":0,"10":1,"11":2,"12":2,"13":1,"14":1,"15":1,"16":1,"17":0,"18":0,"19":0,"20":0,"21":0,"22":1,"23":1,"24":1,"25":1,"26":0,"27":0,"28":0,"29":0,"30":0,"31":0,"32":0,"33":0},"f":{"0":2,"1":2,"2":0,"3":0},"b":{"0":[1,1],"1":[1,1],"2":[2,1],"3":[0,1],"4":[0,0],"5":[1,0],"6":[1,0],"7":[0,0]},"_coverageSchema":"1a1c01bbd47fc00a2c39e90264f33305004495a9","hash":"a25fdc7c270698f7780720c9a6c30f972901c543"}
,"/Users/masoncaldwell/Desktop/SWDesign-Proj/backend/routes/authRoutes.js": {"path":"/Users/masoncaldwell/Desktop/SWDesign-Proj/backend/routes/authRoutes.js","statementMap":{"0":{"start":{"line":4,"column":15},"end":{"line":4,"column":31}},"1":{"start":{"line":6,"column":0},"end":{"line":6,"column":35}},"2":{"start":{"line":7,"column":0},"end":{"line":7,"column":29}}},"fnMap":{},"branchMap":{},"s":{"0":2,"1":2,"2":2},"f":{},"b":{},"_coverageSchema":"1a1c01bbd47fc00a2c39e90264f33305004495a9","hash":"4effb86de6a5284cdfa7c5f778f0ead9e10f3f26"}
,"/Users/masoncaldwell/Desktop/SWDesign-Proj/backend/routes/eventRoutes.js": {"path":"/Users/masoncaldwell/Desktop/SWDesign-Proj/backend/routes/eventRoutes.js","statementMap":{"0":{"start":{"line":11,"column":15},"end":{"line":11,"column":31}},"1":{"start":{"line":13,"column":0},"end":{"line":13,"column":49}},"2":{"start":{"line":14,"column":0},"end":{"line":14,"column":52}},"3":{"start":{"line":15,"column":0},"end":{"line":15,"column":49}},"4":{"start":{"line":16,"column":0},"end":{"line":16,"column":51}},"5":{"start":{"line":17,"column":0},"end":{"line":17,"column":54}}},"fnMap":{},"branchMap":{},"s":{"0":0,"1":0,"2":0,"3":0,"4":0,"5":0},"f":{},"b":{}}
,"/Users/masoncaldwell/Desktop/SWDesign-Proj/backend/routes/events.js": {"path":"/Users/masoncaldwell/Desktop/SWDesign-Proj/backend/routes/events.js","statementMap":{"0":{"start":{"line":1,"column":13},"end":{"line":1,"column":15}},"1":{"start":{"line":2,"column":21},"end":{"line":2,"column":22}},"2":{"start":{"line":5,"column":0},"end":{"line":18,"column":3}},"3":{"start":{"line":6,"column":65},"end":{"line":6,"column":73}},"4":{"start":{"line":7,"column":19},"end":{"line":15,"column":3}},"5":{"start":{"line":16,"column":2},"end":{"line":16,"column":24}},"6":{"start":{"line":17,"column":2},"end":{"line":17,"column":83}},"7":{"start":{"line":21,"column":0},"end":{"line":23,"column":3}},"8":{"start":{"line":22,"column":2},"end":{"line":22,"column":19}},"9":{"start":{"line":26,"column":0},"end":{"line":30,"column":3}},"10":{"start":{"line":27,"column":16},"end":{"line":27,"column":64}},"11":{"start":{"line":27,"column":33},"end":{"line":27,"column":63}},"12":{"start":{"line":28,"column":2},"end":{"line":28,"column":74}},"13":{"start":{"line":28,"column":14},"end":{"line":28,"column":74}},"14":{"start":{"line":29,"column":2},"end":{"line":29,"column":18}},"15":{"start":{"line":33,"column":0},"end":{"line":39,"column":3}},"16":{"start":{"line":34,"column":16},"end":{"line":34,"column":69}},"17":{"start":{"line":34,"column":38},"end":{"line":34,"column":68}},"18":{"start":{"line":35,"column":2},"end":{"line":35,"column":80}},"19":{"start":{"line":35,"column":20},"end":{"line":35,"column":80}},"20":{"start":{"line":37,"column":2},"end":{"line":37,"column":52}},"21":{"start":{"line":38,"column":2},"end":{"line":38,"column":76}}},"fnMap":{"0":{"name":"(anonymous_0)","decl":{"start":{"line":5,"column":24},"end":{"line":5,"column":25}},"loc":{"start":{"line":5,"column":38},"end":{"line":18,"column":1}},"line":5},"1":{"name":"(anonymous_1)","decl":{"start":{"line":21,"column":23},"end":{"line":21,"column":24}},"loc":{"start":{"line":21,"column":37},"end":{"line":23,"column":1}},"line":21},"2":{"name":"(anonymous_2)","decl":{"start":{"line":26,"column":27},"end":{"line":26,"column":28}},"loc":{"start":{"line":26,"column":41},"end":{"line":30,"column":1}},"line":26},"3":{"name":"(anonymous_3)","decl":{"start":{"line":27,"column":28},"end":{"line":27,"column":29}},"loc":{"start":{"line":27,"column":33},"end":{"line":27,"column":63}},"line":27},"4":{"name":"(anonymous_4)","decl":{"start":{"line":33,"column":27},"end":{"line":33,"column":28}},"loc":{"start":{"line":33,"column":41},"end":{"line":39,"column":1}},"line":33},"5":{"name":"(anonymous_5)","decl":{"start":{"line":34,"column":33},"end":{"line":34,"column":34}},"loc":{"start":{"line":34,"column":38},"end":{"line":34,"column":68}},"line":34}},"branchMap":{"0":{"loc":{"start":{"line":28,"column":2},"end":{"line":28,"column":74}},"type":"if","locations":[{"start":{"line":28,"column":2},"end":{"line":28,"column":74}},{"start":{},"end":{}}],"line":28},"1":{"loc":{"start":{"line":35,"column":2},"end":{"line":35,"column":80}},"type":"if","locations":[{"start":{"line":35,"column":2},"end":{"line":35,"column":80}},{"start":{},"end":{}}],"line":35}},"s":{"0":0,"1":0,"2":0,"3":0,"4":0,"5":0,"6":0,"7":0,"8":0,"9":0,"10":0,"11":0,"12":0,"13":0,"14":0,"15":0,"16":0,"17":0,"18":0,"19":0,"20":0,"21":0},"f":{"0":0,"1":0,"2":0,"3":0,"4":0,"5":0},"b":{"0":[0,0],"1":[0,0]}}
,"/Users/masoncaldwell/Desktop/SWDesign-Proj/backend/routes/volunteerRoutes.js": {"path":"/Users/masoncaldwell/Desktop/SWDesign-Proj/backend/routes/volunteerRoutes.js","statementMap":{"0":{"start":{"line":4,"column":15},"end":{"line":4,"column":31}},"1":{"start":{"line":7,"column":24},"end":{"line":7,"column":33}},"2":{"start":{"line":8,"column":15},"end":{"line":8,"column":24}},"3":{"start":{"line":10,"column":0},"end":{"line":33,"column":3}},"4":{"start":{"line":11,"column":22},"end":{"line":11,"column":32}},"5":{"start":{"line":12,"column":17},"end":{"line":12,"column":28}},"6":{"start":{"line":15,"column":21},"end":{"line":15,"column":54}},"7":{"start":{"line":16,"column":2},"end":{"line":18,"column":3}},"8":{"start":{"line":17,"column":4},"end":{"line":17,"column":79}},"9":{"start":{"line":21,"column":2},"end":{"line":23,"column":3}},"10":{"start":{"line":22,"column":4},"end":{"line":22,"column":81}},"11":{"start":{"line":26,"column":2},"end":{"line":26,"column":27}},"12":{"start":{"line":27,"column":2},"end":{"line":27,"column":42}},"13":{"start":{"line":29,"column":2},"end":{"line":32,"column":5}},"14":{"start":{"line":35,"column":0},"end":{"line":48,"column":3}},"15":{"start":{"line":36,"column":22},"end":{"line":36,"column":32}},"16":{"start":{"line":37,"column":17},"end":{"line":37,"column":28}},"17":{"start":{"line":39,"column":21},"end":{"line":39,"column":54}},"18":{"start":{"line":40,"column":21},"end":{"line":40,"column":48}},"19":{"start":{"line":42,"column":2},"end":{"line":44,"column":3}},"20":{"start":{"line":43,"column":4},"end":{"line":43,"column":77}},"21":{"start":{"line":46,"column":2},"end":{"line":46,"column":35}},"22":{"start":{"line":47,"column":2},"end":{"line":47,"column":63}},"23":{"start":{"line":50,"column":0},"end":{"line":68,"column":3}},"24":{"start":{"line":51,"column":17},"end":{"line":51,"column":28}},"25":{"start":{"line":52,"column":21},"end":{"line":52,"column":30}},"26":{"start":{"line":54,"column":19},"end":{"line":54,"column":52}},"27":{"start":{"line":56,"column":2},"end":{"line":61,"column":3}},"28":{"start":{"line":57,"column":4},"end":{"line":60,"column":7}},"29":{"start":{"line":58,"column":20},"end":{"line":58,"column":39}},"30":{"start":{"line":59,"column":6},"end":{"line":59,"column":56}},"31":{"start":{"line":63,"column":2},"end":{"line":67,"column":7}},"32":{"start":{"line":63,"column":38},"end":{"line":67,"column":3}},"33":{"start":{"line":70,"column":0},"end":{"line":98,"column":3}},"34":{"start":{"line":71,"column":37},"end":{"line":71,"column":46}},"35":{"start":{"line":73,"column":16},"end":{"line":84,"column":3}},"36":{"start":{"line":86,"column":2},"end":{"line":91,"column":3}},"37":{"start":{"line":87,"column":25},"end":{"line":87,"column":75}},"38":{"start":{"line":88,"column":4},"end":{"line":90,"column":6}},"39":{"start":{"line":89,"column":6},"end":{"line":89,"column":57}},"40":{"start":{"line":89,"column":32},"end":{"line":89,"column":56}},"41":{"start":{"line":93,"column":2},"end":{"line":95,"column":3}},"42":{"start":{"line":94,"column":4},"end":{"line":94,"column":77}},"43":{"start":{"line":94,"column":38},"end":{"line":94,"column":75}},"44":{"start":{"line":97,"column":2},"end":{"line":97,"column":20}}},"fnMap":{"0":{"name":"(anonymous_0)","decl":{"start":{"line":10,"column":55},"end":{"line":10,"column":56}},"loc":{"start":{"line":10,"column":69},"end":{"line":33,"column":1}},"line":10},"1":{"name":"(anonymous_1)","decl":{"start":{"line":35,"column":57},"end":{"line":35,"column":58}},"loc":{"start":{"line":35,"column":71},"end":{"line":48,"column":1}},"line":35},"2":{"name":"(anonymous_2)","decl":{"start":{"line":50,"column":38},"end":{"line":50,"column":39}},"loc":{"start":{"line":50,"column":52},"end":{"line":68,"column":1}},"line":50},"3":{"name":"(anonymous_3)","decl":{"start":{"line":57,"column":35},"end":{"line":57,"column":36}},"loc":{"start":{"line":57,"column":46},"end":{"line":60,"column":5}},"line":57},"4":{"name":"(anonymous_4)","decl":{"start":{"line":63,"column":26},"end":{"line":63,"column":27}},"loc":{"start":{"line":63,"column":38},"end":{"line":67,"column":3}},"line":63},"5":{"name":"(anonymous_5)","decl":{"start":{"line":70,"column":39},"end":{"line":70,"column":40}},"loc":{"start":{"line":70,"column":53},"end":{"line":98,"column":1}},"line":70},"6":{"name":"(anonymous_6)","decl":{"start":{"line":88,"column":29},"end":{"line":88,"column":30}},"loc":{"start":{"line":89,"column":6},"end":{"line":89,"column":57}},"line":89},"7":{"name":"(anonymous_7)","decl":{"start":{"line":89,"column":27},"end":{"line":89,"column":28}},"loc":{"start":{"line":89,"column":32},"end":{"line":89,"column":56}},"line":89},"8":{"name":"(anonymous_8)","decl":{"start":{"line":94,"column":29},"end":{"line":94,"column":30}},"loc":{"start":{"line":94,"column":38},"end":{"line":94,"column":75}},"line":94}},"branchMap":{"0":{"loc":{"start":{"line":15,"column":21},"end":{"line":15,"column":54}},"type":"binary-expr","locations":[{"start":{"line":15,"column":21},"end":{"line":15,"column":48}},{"start":{"line":15,"column":52},"end":{"line":15,"column":54}}],"line":15},"1":{"loc":{"start":{"line":16,"column":2},"end":{"line":18,"column":3}},"type":"if","locations":[{"start":{"line":16,"column":2},"end":{"line":18,"column":3}},{"start":{},"end":{}}],"line":16},"2":{"loc":{"start":{"line":21,"column":2},"end":{"line":23,"column":3}},"type":"if","locations":[{"start":{"line":21,"column":2},"end":{"line":23,"column":3}},{"start":{},"end":{}}],"line":21},"3":{"loc":{"start":{"line":39,"column":21},"end":{"line":39,"column":54}},"type":"binary-expr","locations":[{"start":{"line":39,"column":21},"end":{"line":39,"column":48}},{"start":{"line":39,"column":52},"end":{"line":39,"column":54}}],"line":39},"4":{"loc":{"start":{"line":42,"column":2},"end":{"line":44,"column":3}},"type":"if","locations":[{"start":{"line":42,"column":2},"end":{"line":44,"column":3}},{"start":{},"end":{}}],"line":42},"5":{"loc":{"start":{"line":54,"column":19},"end":{"line":54,"column":52}},"type":"binary-expr","locations":[{"start":{"line":54,"column":19},"end":{"line":54,"column":46}},{"start":{"line":54,"column":50},"end":{"line":54,"column":52}}],"line":54},"6":{"loc":{"start":{"line":56,"column":2},"end":{"line":61,"column":3}},"type":"if","locations":[{"start":{"line":56,"column":2},"end":{"line":61,"column":3}},{"start":{},"end":{}}],"line":56},"7":{"loc":{"start":{"line":59,"column":13},"end":{"line":59,"column":55}},"type":"binary-expr","locations":[{"start":{"line":59,"column":13},"end":{"line":59,"column":18}},{"start":{"line":59,"column":22},"end":{"line":59,"column":55}}],"line":59},"8":{"loc":{"start":{"line":86,"column":2},"end":{"line":91,"column":3}},"type":"if","locations":[{"start":{"line":86,"column":2},"end":{"line":91,"column":3}},{"start":{},"end":{}}],"line":86},"9":{"loc":{"start":{"line":87,"column":25},"end":{"line":87,"column":75}},"type":"cond-expr","locations":[{"start":{"line":87,"column":52},"end":{"line":87,"column":61}},{"start":{"line":87,"column":64},"end":{"line":87,"column":75}}],"line":87},"10":{"loc":{"start":{"line":93,"column":2},"end":{"line":95,"column":3}},"type":"if","locations":[{"start":{"line":93,"column":2},"end":{"line":95,"column":3}},{"start":{},"end":{}}],"line":93}},"s":{"0":1,"1":1,"2":1,"3":1,"4":4,"5":4,"6":4,"7":4,"8":2,"9":2,"10":1,"11":1,"12":1,"13":1,"14":1,"15":2,"16":2,"17":2,"18":2,"19":2,"20":1,"21":1,"22":1,"23":1,"24":2,"25":2,"26":2,"27":2,"28":1,"29":0,"30":0,"31":2,"32":0,"33":1,"34":2,"35":2,"36":2,"37":1,"38":1,"39":2,"40":2,"41":2,"42":1,"43":1,"44":2},"f":{"0":4,"1":2,"2":2,"3":0,"4":0,"5":2,"6":2,"7":2,"8":1},"b":{"0":[4,1],"1":[2,2],"2":[1,1],"3":[2,0],"4":[1,1],"5":[2,0],"6":[1,1],"7":[0,0],"8":[1,1],"9":[1,0],"10":[1,1]},"_coverageSchema":"1a1c01bbd47fc00a2c39e90264f33305004495a9","hash":"d487ee208363ab4a9d43dcce3099ad7358b6c36e"}
,"/Users/masoncaldwell/Desktop/SWDesign-Proj/backend/volunteermatching/volunteermatching.js": {"path":"/Users/masoncaldwell/Desktop/SWDesign-Proj/backend/volunteermatching/volunteermatching.js","statementMap":{"0":{"start":{"line":4,"column":15},"end":{"line":4,"column":31}},"1":{"start":{"line":10,"column":0},"end":{"line":45,"column":3}},"2":{"start":{"line":11,"column":2},"end":{"line":44,"column":3}},"3":{"start":{"line":12,"column":4},"end":{"line":12,"column":42}},"4":{"start":{"line":13,"column":19},"end":{"line":27,"column":6}},"5":{"start":{"line":29,"column":23},"end":{"line":37,"column":7}},"6":{"start":{"line":29,"column":40},"end":{"line":37,"column":5}},"7":{"start":{"line":36,"column":58},"end":{"line":36,"column":66}},"8":{"start":{"line":39,"column":4},"end":{"line":39,"column":57}},"9":{"start":{"line":40,"column":4},"end":{"line":40,"column":25}},"10":{"start":{"line":42,"column":4},"end":{"line":42,"column":53}},"11":{"start":{"line":43,"column":4},"end":{"line":43,"column":65}},"12":{"start":{"line":51,"column":0},"end":{"line":88,"column":3}},"13":{"start":{"line":52,"column":2},"end":{"line":87,"column":3}},"14":{"start":{"line":53,"column":4},"end":{"line":53,"column":38}},"15":{"start":{"line":54,"column":19},"end":{"line":68,"column":6}},"16":{"start":{"line":70,"column":19},"end":{"line":80,"column":7}},"17":{"start":{"line":70,"column":36},"end":{"line":80,"column":5}},"18":{"start":{"line":78,"column":50},"end":{"line":78,"column":58}},"19":{"start":{"line":82,"column":4},"end":{"line":82,"column":49}},"20":{"start":{"line":83,"column":4},"end":{"line":83,"column":21}},"21":{"start":{"line":85,"column":4},"end":{"line":85,"column":49}},"22":{"start":{"line":86,"column":4},"end":{"line":86,"column":61}},"23":{"start":{"line":94,"column":0},"end":{"line":135,"column":3}},"24":{"start":{"line":95,"column":35},"end":{"line":95,"column":43}},"25":{"start":{"line":96,"column":2},"end":{"line":98,"column":3}},"26":{"start":{"line":97,"column":4},"end":{"line":97,"column":83}},"27":{"start":{"line":100,"column":2},"end":{"line":134,"column":3}},"28":{"start":{"line":102,"column":23},"end":{"line":105,"column":5}},"29":{"start":{"line":106,"column":4},"end":{"line":108,"column":5}},"30":{"start":{"line":107,"column":6},"end":{"line":107,"column":89}},"31":{"start":{"line":111,"column":4},"end":{"line":114,"column":6}},"32":{"start":{"line":117,"column":24},"end":{"line":120,"column":5}},"33":{"start":{"line":123,"column":4},"end":{"line":128,"column":5}},"34":{"start":{"line":124,"column":6},"end":{"line":127,"column":8}},"35":{"start":{"line":130,"column":4},"end":{"line":130,"column":84}},"36":{"start":{"line":132,"column":4},"end":{"line":132,"column":48}},"37":{"start":{"line":133,"column":4},"end":{"line":133,"column":65}},"38":{"start":{"line":141,"column":0},"end":{"line":220,"column":3}},"39":{"start":{"line":142,"column":22},"end":{"line":142,"column":32}},"40":{"start":{"line":144,"column":2},"end":{"line":219,"column":3}},"41":{"start":{"line":145,"column":22},"end":{"line":152,"column":17}},"42":{"start":{"line":154,"column":4},"end":{"line":156,"column":5}},"43":{"start":{"line":155,"column":6},"end":{"line":155,"column":64}},"44":{"start":{"line":158,"column":4},"end":{"line":160,"column":5}},"45":{"start":{"line":159,"column":6},"end":{"line":159,"column":77}},"46":{"start":{"line":162,"column":25},"end":{"line":196,"column":26}},"47":{"start":{"line":198,"column":4},"end":{"line":215,"column":7}},"48":{"start":{"line":205,"column":36},"end":{"line":214,"column":7}},"49":{"start":{"line":217,"column":4},"end":{"line":217,"column":49}},"50":{"start":{"line":218,"column":4},"end":{"line":218,"column":62}}},"fnMap":{"0":{"name":"(anonymous_0)","decl":{"start":{"line":10,"column":26},"end":{"line":10,"column":27}},"loc":{"start":{"line":10,"column":46},"end":{"line":45,"column":1}},"line":10},"1":{"name":"(anonymous_1)","decl":{"start":{"line":29,"column":32},"end":{"line":29,"column":33}},"loc":{"start":{"line":29,"column":40},"end":{"line":37,"column":5}},"line":29},"2":{"name":"(anonymous_2)","decl":{"start":{"line":36,"column":53},"end":{"line":36,"column":54}},"loc":{"start":{"line":36,"column":58},"end":{"line":36,"column":66}},"line":36},"3":{"name":"(anonymous_3)","decl":{"start":{"line":51,"column":22},"end":{"line":51,"column":23}},"loc":{"start":{"line":51,"column":42},"end":{"line":88,"column":1}},"line":51},"4":{"name":"(anonymous_4)","decl":{"start":{"line":70,"column":28},"end":{"line":70,"column":29}},"loc":{"start":{"line":70,"column":36},"end":{"line":80,"column":5}},"line":70},"5":{"name":"(anonymous_5)","decl":{"start":{"line":78,"column":45},"end":{"line":78,"column":46}},"loc":{"start":{"line":78,"column":50},"end":{"line":78,"column":58}},"line":78},"6":{"name":"(anonymous_6)","decl":{"start":{"line":94,"column":22},"end":{"line":94,"column":23}},"loc":{"start":{"line":94,"column":42},"end":{"line":135,"column":1}},"line":94},"7":{"name":"(anonymous_7)","decl":{"start":{"line":141,"column":39},"end":{"line":141,"column":40}},"loc":{"start":{"line":141,"column":59},"end":{"line":220,"column":1}},"line":141},"8":{"name":"(anonymous_8)","decl":{"start":{"line":205,"column":30},"end":{"line":205,"column":31}},"loc":{"start":{"line":205,"column":36},"end":{"line":214,"column":7}},"line":205}},"branchMap":{"0":{"loc":{"start":{"line":36,"column":14},"end":{"line":36,"column":72}},"type":"cond-expr","locations":[{"start":{"line":36,"column":27},"end":{"line":36,"column":67}},{"start":{"line":36,"column":70},"end":{"line":36,"column":72}}],"line":36},"1":{"loc":{"start":{"line":74,"column":12},"end":{"line":74,"column":76}},"type":"cond-expr","locations":[{"start":{"line":74,"column":23},"end":{"line":74,"column":69}},{"start":{"line":74,"column":72},"end":{"line":74,"column":76}}],"line":74},"2":{"loc":{"start":{"line":77,"column":22},"end":{"line":79,"column":12}},"type":"cond-expr","locations":[{"start":{"line":78,"column":10},"end":{"line":78,"column":75}},{"start":{"line":79,"column":10},"end":{"line":79,"column":12}}],"line":77},"3":{"loc":{"start":{"line":96,"column":2},"end":{"line":98,"column":3}},"type":"if","locations":[{"start":{"line":96,"column":2},"end":{"line":98,"column":3}},{"start":{},"end":{}}],"line":96},"4":{"loc":{"start":{"line":96,"column":6},"end":{"line":96,"column":30}},"type":"binary-expr","locations":[{"start":{"line":96,"column":6},"end":{"line":96,"column":18}},{"start":{"line":96,"column":22},"end":{"line":96,"column":30}}],"line":96},"5":{"loc":{"start":{"line":106,"column":4},"end":{"line":108,"column":5}},"type":"if","locations":[{"start":{"line":106,"column":4},"end":{"line":108,"column":5}},{"start":{},"end":{}}],"line":106},"6":{"loc":{"start":{"line":123,"column":4},"end":{"line":128,"column":5}},"type":"if","locations":[{"start":{"line":123,"column":4},"end":{"line":128,"column":5}},{"start":{},"end":{}}],"line":123},"7":{"loc":{"start":{"line":154,"column":4},"end":{"line":156,"column":5}},"type":"if","locations":[{"start":{"line":154,"column":4},"end":{"line":156,"column":5}},{"start":{},"end":{}}],"line":154},"8":{"loc":{"start":{"line":158,"column":4},"end":{"line":160,"column":5}},"type":"if","locations":[{"start":{"line":158,"column":4},"end":{"line":160,"column":5}},{"start":{},"end":{}}],"line":158},"9":{"loc":{"start":{"line":158,"column":8},"end":{"line":158,"column":69}},"type":"binary-expr","locations":[{"start":{"line":158,"column":8},"end":{"line":158,"column":22}},{"start":{"line":158,"column":26},"end":{"line":158,"column":69}}],"line":158},"10":{"loc":{"start":{"line":201,"column":27},"end":{"line":203,"column":16}},"type":"cond-expr","locations":[{"start":{"line":202,"column":12},"end":{"line":202,"column":54}},{"start":{"line":203,"column":12},"end":{"line":203,"column":16}}],"line":201},"11":{"loc":{"start":{"line":212,"column":16},"end":{"line":212,"column":51}},"type":"cond-expr","locations":[{"start":{"line":212,"column":27},"end":{"line":212,"column":46}},{"start":{"line":212,"column":49},"end":{"line":212,"column":51}}],"line":212}},"s":{"0":1,"1":1,"2":1,"3":1,"4":1,"5":1,"6":1,"7":2,"8":1,"9":1,"10":0,"11":0,"12":1,"13":1,"14":1,"15":1,"16":1,"17":1,"18":2,"19":1,"20":1,"21":0,"22":0,"23":1,"24":5,"25":5,"26":2,"27":3,"28":3,"29":3,"30":2,"31":1,"32":1,"33":1,"34":0,"35":1,"36":0,"37":0,"38":1,"39":0,"40":0,"41":0,"42":0,"43":0,"44":0,"45":0,"46":0,"47":0,"48":0,"49":0,"50":0},"f":{"0":1,"1":1,"2":2,"3":1,"4":1,"5":2,"6":5,"7":0,"8":0},"b":{"0":[1,0],"1":[1,0],"2":[1,0],"3":[2,3],"4":[5,4],"5":[2,1],"6":[0,1],"7":[0,0],"8":[0,0],"9":[0,0],"10":[0,0],"11":[0,0]},"_coverageSchema":"1a1c01bbd47fc00a2c39e90264f33305004495a9","hash":"95a56e610a3c00aa3962e7317e45ddcd4e2f1e0f"}
}
