TN:
SF:accountmanage.js
FN:15,loadStore
FN:26,persistStore
FN:40,(anonymous_2)
FN:46,(anonymous_3)
FN:54,(anonymous_4)
FNF:5
FNH:0
FNDA:0,loadStore
FNDA:0,persistStore
FNDA:0,(anonymous_2)
FNDA:0,(anonymous_3)
FNDA:0,(anonymous_4)
DA:6,0
DA:9,0
DA:10,0
DA:11,0
DA:13,0
DA:16,0
DA:17,0
DA:18,0
DA:19,0
DA:22,0
DA:27,0
DA:28,0
DA:29,0
DA:31,0
DA:32,0
DA:37,0
DA:40,0
DA:41,0
DA:42,0
DA:46,0
DA:47,0
DA:48,0
DA:49,0
DA:50,0
DA:54,0
DA:55,0
DA:58,0
DA:72,0
DA:73,0
DA:74,0
DA:76,0
DA:77,0
DA:80,0
LF:33
LH:0
BRDA:18,0,0,0
BRDA:18,0,1,0
BRDA:19,1,0,0
BRDA:19,1,1,0
BRDA:19,2,0,0
BRDA:19,2,1,0
BRDA:49,3,0,0
BRDA:49,3,1,0
BRDA:55,4,0,0
BRDA:55,4,1,0
BRDA:61,5,0,0
BRDA:61,5,1,0
BRDA:62,6,0,0
BRDA:62,6,1,0
BRDA:63,7,0,0
BRDA:63,7,1,0
BRDA:64,8,0,0
BRDA:64,8,1,0
BRDA:65,9,0,0
BRDA:65,9,1,0
BRDA:66,10,0,0
BRDA:66,10,1,0
BRDA:67,11,0,0
BRDA:67,11,1,0
BRDA:68,12,0,0
BRDA:68,12,1,0
BRDA:69,13,0,0
BRDA:69,13,1,0
BRDA:74,14,0,0
BRDA:74,14,1,0
BRF:30
BRH:0
end_of_record
TN:
SF:db.js
FNF:0
FNH:0
DA:4,0
DA:6,0
DA:14,0
LF:3
LH:0
BRDA:6,0,0,0
BRDA:6,0,1,0
BRDA:7,1,0,0
BRDA:7,1,1,0
BRDA:7,1,2,0
BRDA:19,2,0,0
BRDA:19,2,1,0
BRDA:21,3,0,0
BRDA:21,3,1,0
BRF:9
BRH:0
end_of_record
TN:
SF:index.js
FN:26,(anonymous_0)
FN:32,(anonymous_1)
FN:37,(anonymous_2)
FNF:3
FNH:0
FNDA:0,(anonymous_0)
FNDA:0,(anonymous_1)
FNDA:0,(anonymous_2)
DA:10,0
DA:11,0
DA:13,0
DA:14,0
DA:17,0
DA:18,0
DA:22,0
DA:23,0
DA:26,0
DA:27,0
DA:30,0
DA:32,0
DA:33,0
DA:36,0
DA:37,0
LF:15
LH:0
BRDA:36,0,0,0
BRDA:36,0,1,0
BRF:2
BRH:0
end_of_record
TN:
SF:testSetup.js
FN:9,(anonymous_0)
FN:23,(anonymous_1)
FNF:2
FNH:0
FNDA:0,(anonymous_0)
FNDA:0,(anonymous_1)
DA:9,0
DA:10,0
DA:12,0
DA:13,0
DA:16,0
DA:17,0
DA:18,0
DA:19,0
DA:20,0
DA:23,0
DA:24,0
DA:25,0
DA:30,0
LF:13
LH:0
BRDA:25,0,0,0
BRDA:25,0,1,0
BRDA:26,1,0,0
BRDA:26,1,1,0
BRF:4
BRH:0
end_of_record
TN:
SF:controllers/authController.js
FN:4,(anonymous_0)
FN:11,(anonymous_1)
FN:24,(anonymous_2)
FN:32,(anonymous_3)
FNF:4
FNH:4
FNDA:2,(anonymous_0)
FNDA:2,(anonymous_1)
FNDA:3,(anonymous_2)
FNDA:5,(anonymous_3)
DA:4,1
DA:5,2
DA:7,2
DA:8,0
DA:11,2
DA:12,1
DA:15,1
DA:16,1
DA:18,1
DA:24,1
DA:25,3
DA:27,3
DA:28,0
DA:31,3
DA:32,5
DA:35,3
DA:36,2
DA:40,1
DA:46,1
LF:19
LH:17
BRDA:7,0,0,0
BRDA:7,0,1,2
BRDA:7,1,0,2
BRDA:7,1,1,2
BRDA:11,2,0,1
BRDA:11,2,1,1
BRDA:27,3,0,0
BRDA:27,3,1,3
BRDA:27,4,0,3
BRDA:27,4,1,3
BRDA:32,5,0,5
BRDA:32,5,1,2
BRDA:35,6,0,2
BRDA:35,6,1,1
BRDA:42,7,0,1
BRDA:42,7,1,0
BRF:16
BRH:13
end_of_record
TN:
SF:controllers/eventController.js
FN:3,(anonymous_0)
FN:13,(anonymous_1)
FN:25,(anonymous_2)
FN:61,(anonymous_3)
FN:95,(anonymous_4)
FNF:5
FNH:0
FNDA:0,(anonymous_0)
FNDA:0,(anonymous_1)
FNDA:0,(anonymous_2)
FNDA:0,(anonymous_3)
FNDA:0,(anonymous_4)
DA:3,0
DA:4,0
DA:5,0
DA:6,0
DA:8,0
DA:9,0
DA:13,0
DA:14,0
DA:15,0
DA:16,0
DA:17,0
DA:18,0
DA:20,0
DA:21,0
DA:25,0
DA:26,0
DA:29,0
DA:30,0
DA:34,0
DA:35,0
DA:38,0
DA:39,0
DA:44,0
DA:56,0
DA:57,0
DA:61,0
DA:62,0
DA:63,0
DA:65,0
DA:67,0
DA:68,0
DA:69,0
DA:73,0
DA:78,0
DA:90,0
DA:91,0
DA:95,0
DA:96,0
DA:98,0
DA:100,0
DA:101,0
DA:102,0
DA:106,0
DA:108,0
DA:110,0
DA:111,0
LF:46
LH:0
BRDA:17,0,0,0
BRDA:17,0,1,0
BRDA:29,1,0,0
BRDA:29,1,1,0
BRDA:29,2,0,0
BRDA:29,2,1,0
BRDA:29,2,2,0
BRDA:29,2,3,0
BRDA:34,3,0,0
BRDA:34,3,1,0
BRDA:68,4,0,0
BRDA:68,4,1,0
BRDA:101,5,0,0
BRDA:101,5,1,0
BRF:14
BRH:0
end_of_record
TN:
SF:middleware/authMiddleware.js
FN:3,(anonymous_0)
FN:15,(anonymous_1)
FNF:2
FNH:0
FNDA:0,(anonymous_0)
FNDA:0,(anonymous_1)
DA:3,0
DA:5,0
DA:6,0
DA:7,0
DA:10,0
DA:11,0
DA:13,0
DA:15,0
DA:16,0
DA:17,0
DA:18,0
LF:11
LH:0
BRDA:5,0,0,0
BRDA:5,0,1,0
BRDA:11,1,0,0
BRDA:11,1,1,0
BRDA:13,2,0,0
BRDA:13,2,1,0
BRDA:15,3,0,0
BRDA:15,3,1,0
BRDA:16,4,0,0
BRDA:16,4,1,0
BRF:10
BRH:0
end_of_record
TN:
SF:notification/notification.js
FN:10,(anonymous_0)
FN:44,(anonymous_1)
FN:63,(anonymous_2)
FN:80,(anonymous_3)
FNF:4
FNH:2
FNDA:2,(anonymous_0)
FNDA:2,(anonymous_1)
FNDA:0,(anonymous_2)
FNDA:0,(anonymous_3)
DA:4,1
DA:10,1
DA:11,2
DA:12,2
DA:14,1
DA:15,1
DA:33,1
DA:35,0
DA:36,0
DA:44,1
DA:45,2
DA:46,2
DA:47,1
DA:49,1
DA:50,1
DA:53,1
DA:54,0
DA:61,0
DA:62,0
DA:63,0
DA:67,1
DA:68,1
DA:76,1
DA:77,1
DA:80,0
DA:82,0
DA:88,0
DA:89,0
DA:96,0
DA:102,0
DA:103,0
LF:31
LH:18
BRDA:12,0,0,1
BRDA:12,0,1,1
BRDA:46,1,0,1
BRDA:46,1,1,1
BRDA:46,2,0,2
BRDA:46,2,1,1
BRDA:53,3,0,0
BRDA:53,3,1,1
BRDA:61,4,0,0
BRDA:61,4,1,0
BRDA:67,5,0,1
BRDA:67,5,1,0
BRDA:76,6,0,1
BRDA:76,6,1,0
BRDA:92,7,0,0
BRDA:92,7,1,0
BRF:16
BRH:9
end_of_record
TN:
SF:routes/authRoutes.js
FNF:0
FNH:0
DA:4,2
DA:6,2
DA:7,2
LF:3
LH:3
BRF:0
BRH:0
end_of_record
TN:
SF:routes/eventRoutes.js
FNF:0
FNH:0
DA:11,0
DA:13,0
DA:14,0
DA:15,0
DA:16,0
DA:17,0
LF:6
LH:0
BRF:0
BRH:0
end_of_record
TN:
SF:routes/events.js
FN:5,(anonymous_0)
FN:21,(anonymous_1)
FN:26,(anonymous_2)
FN:27,(anonymous_3)
FN:33,(anonymous_4)
FN:34,(anonymous_5)
FNF:6
FNH:0
FNDA:0,(anonymous_0)
FNDA:0,(anonymous_1)
FNDA:0,(anonymous_2)
FNDA:0,(anonymous_3)
FNDA:0,(anonymous_4)
FNDA:0,(anonymous_5)
DA:1,0
DA:2,0
DA:5,0
DA:6,0
DA:7,0
DA:16,0
DA:17,0
DA:21,0
DA:22,0
DA:26,0
DA:27,0
DA:28,0
DA:29,0
DA:33,0
DA:34,0
DA:35,0
DA:37,0
DA:38,0
LF:18
LH:0
BRDA:28,0,0,0
BRDA:28,0,1,0
BRDA:35,1,0,0
BRDA:35,1,1,0
BRF:4
BRH:0
end_of_record
TN:
SF:routes/volunteerRoutes.js
FN:10,(anonymous_0)
FN:35,(anonymous_1)
FN:50,(anonymous_2)
FN:57,(anonymous_3)
FN:63,(anonymous_4)
FN:70,(anonymous_5)
FN:88,(anonymous_6)
FN:89,(anonymous_7)
FN:94,(anonymous_8)
FNF:9
FNH:7
FNDA:4,(anonymous_0)
FNDA:2,(anonymous_1)
FNDA:2,(anonymous_2)
FNDA:0,(anonymous_3)
FNDA:0,(anonymous_4)
FNDA:2,(anonymous_5)
FNDA:2,(anonymous_6)
FNDA:2,(anonymous_7)
FNDA:1,(anonymous_8)
DA:4,1
DA:7,1
DA:8,1
DA:10,1
DA:11,4
DA:12,4
DA:15,4
DA:16,4
DA:17,2
DA:21,2
DA:22,1
DA:26,1
DA:27,1
DA:29,1
DA:35,1
DA:36,2
DA:37,2
DA:39,2
DA:40,2
DA:42,2
DA:43,1
DA:46,1
DA:47,1
DA:50,1
DA:51,2
DA:52,2
DA:54,2
DA:56,2
DA:57,1
DA:58,0
DA:59,0
DA:63,2
DA:70,1
DA:71,2
DA:73,2
DA:86,2
DA:87,1
DA:88,1
DA:89,2
DA:93,2
DA:94,1
DA:97,2
LF:42
LH:40
BRDA:15,0,0,4
BRDA:15,0,1,1
BRDA:16,1,0,2
BRDA:16,1,1,2
BRDA:21,2,0,1
BRDA:21,2,1,1
BRDA:39,3,0,2
BRDA:39,3,1,0
BRDA:42,4,0,1
BRDA:42,4,1,1
BRDA:54,5,0,2
BRDA:54,5,1,0
BRDA:56,6,0,1
BRDA:56,6,1,1
BRDA:59,7,0,0
BRDA:59,7,1,0
BRDA:86,8,0,1
BRDA:86,8,1,1
BRDA:87,9,0,1
BRDA:87,9,1,0
BRDA:93,10,0,1
BRDA:93,10,1,1
BRF:22
BRH:17
end_of_record
TN:
SF:volunteermatching/volunteermatching.js
FN:10,(anonymous_0)
FN:29,(anonymous_1)
FN:36,(anonymous_2)
FN:51,(anonymous_3)
FN:70,(anonymous_4)
FN:78,(anonymous_5)
FN:94,(anonymous_6)
FN:141,(anonymous_7)
FN:205,(anonymous_8)
FNF:9
FNH:7
FNDA:1,(anonymous_0)
FNDA:1,(anonymous_1)
FNDA:2,(anonymous_2)
FNDA:1,(anonymous_3)
FNDA:1,(anonymous_4)
FNDA:2,(anonymous_5)
FNDA:5,(anonymous_6)
FNDA:0,(anonymous_7)
FNDA:0,(anonymous_8)
DA:4,1
DA:10,1
DA:11,1
DA:12,1
DA:13,1
DA:29,1
DA:36,2
DA:39,1
DA:40,1
DA:42,0
DA:43,0
DA:51,1
DA:52,1
DA:53,1
DA:54,1
DA:70,1
DA:78,2
DA:82,1
DA:83,1
DA:85,0
DA:86,0
DA:94,1
DA:95,5
DA:96,5
DA:97,2
DA:100,3
DA:102,3
DA:106,3
DA:107,2
DA:111,1
DA:117,1
DA:123,1
DA:124,0
DA:130,1
DA:132,0
DA:133,0
DA:141,1
DA:142,0
DA:144,0
DA:145,0
DA:154,0
DA:155,0
DA:158,0
DA:159,0
DA:162,0
DA:198,0
DA:205,0
DA:217,0
DA:218,0
LF:49
LH:30
BRDA:36,0,0,1
BRDA:36,0,1,0
BRDA:74,1,0,1
BRDA:74,1,1,0
BRDA:77,2,0,1
BRDA:77,2,1,0
BRDA:96,3,0,2
BRDA:96,3,1,3
BRDA:96,4,0,5
BRDA:96,4,1,4
BRDA:106,5,0,2
BRDA:106,5,1,1
BRDA:123,6,0,0
BRDA:123,6,1,1
BRDA:154,7,0,0
BRDA:154,7,1,0
BRDA:158,8,0,0
BRDA:158,8,1,0
BRDA:158,9,0,0
BRDA:158,9,1,0
BRDA:201,10,0,0
BRDA:201,10,1,0
BRDA:212,11,0,0
BRDA:212,11,1,0
BRF:24
BRH:10
end_of_record
